<?xml version="1.0" encoding="UTF-8"?>
<coverage generated="1547401733734" clover="3.2.0">
  <project timestamp="1547401733734" name="All files">
    <metrics statements="25" coveredstatements="11" conditionals="13" coveredconditionals="7" methods="3" coveredmethods="2" elements="41" coveredelements="20" complexity="0" loc="25" ncloc="25" packages="1" files="2" classes="2">
      <file name="App.vue" path="C:\Users\webistomin\Desktop\movie-search-app\src\App.vue">
        <metrics statements="18" coveredstatements="11" conditionals="13" coveredconditionals="7" methods="3" coveredmethods="2"/>
        <line num="53" count="1" type="stmt"/>
        <line num="59" count="7" type="stmt"/>
        <line num="61" count="7" type="cond" truecount="1" falsecount="1"/>
        <line num="62" count="0" type="stmt"/>
        <line num="64" count="7" type="stmt"/>
        <line num="67" count="7" type="cond" truecount="1" falsecount="1"/>
        <line num="68" count="7" type="stmt"/>
        <line num="70" count="0" type="stmt"/>
        <line num="73" count="7" type="cond" truecount="1" falsecount="1"/>
        <line num="74" count="0" type="stmt"/>
        <line num="75" count="0" type="stmt"/>
        <line num="76" count="0" type="stmt"/>
        <line num="79" count="7" type="cond" truecount="2" falsecount="0"/>
        <line num="80" count="3" type="stmt"/>
        <line num="83" count="7" type="cond" truecount="2" falsecount="3"/>
        <line num="86" count="0" type="stmt"/>
        <line num="91" count="0" type="stmt"/>
        <line num="96" count="1" type="stmt"/>
      </file>
      <file name="main.js" path="C:\Users\webistomin\Desktop\movie-search-app\src\main.js">
        <metrics statements="7" coveredstatements="0" conditionals="0" coveredconditionals="0" methods="0" coveredmethods="0"/>
        <line num="1" count="0" type="stmt"/>
        <line num="2" count="0" type="stmt"/>
        <line num="3" count="0" type="stmt"/>
        <line num="4" count="0" type="stmt"/>
        <line num="5" count="0" type="stmt"/>
        <line num="8" count="0" type="stmt"/>
        <line num="11" count="0" type="stmt"/>
      </file>
    </metrics>
  </project>
</coverage>
