{"C:\\Users\\webistomin\\Desktop\\movie-search-app\\src\\App.vue": {"path":"C:\\Users\\webistomin\\Desktop\\movie-search-app\\src\\App.vue","statementMap":{"0":{"start":{"line":53,"column":0},"end":{"line":null,"column":-1}},"1":{"start":{"line":59,"column":0},"end":{"line":null,"column":-1}},"2":{"start":{"line":61,"column":0},"end":{"line":65,"column":0}},"3":{"start":{"line":62,"column":0},"end":{"line":null,"column":-1}},"4":{"start":{"line":64,"column":0},"end":{"line":null,"column":-1}},"5":{"start":{"line":67,"column":0},"end":{"line":71,"column":0}},"6":{"start":{"line":68,"column":0},"end":{"line":null,"column":-1}},"7":{"start":{"line":70,"column":0},"end":{"line":null,"column":-1}},"8":{"start":{"line":73,"column":0},"end":{"line":77,"column":0}},"9":{"start":{"line":74,"column":0},"end":{"line":null,"column":-1}},"10":{"start":{"line":75,"column":0},"end":{"line":null,"column":-1}},"11":{"start":{"line":76,"column":0},"end":{"line":null,"column":-1}},"12":{"start":{"line":79,"column":0},"end":{"line":81,"column":0}},"13":{"start":{"line":80,"column":0},"end":{"line":null,"column":-1}},"14":{"start":{"line":83,"column":0},"end":{"line":87,"column":0}},"15":{"start":{"line":86,"column":0},"end":{"line":null,"column":-1}},"16":{"start":{"line":91,"column":0},"end":{"line":null,"column":-1}},"17":{"start":{"line":96,"column":0},"end":{"line":null,"column":-1}}},"fnMap":{"0":{"name":"created","decl":{"start":{"line":58,"column":0},"end":{"line":null,"column":-1}},"loc":{"start":{"line":58,"column":0},"end":{"line":88,"column":0}}},"1":{"name":"fixCrappyScrollBehavior","decl":{"start":{"line":90,"column":0},"end":{"line":null,"column":-1}},"loc":{"start":{"line":90,"column":0},"end":{"line":92,"column":0}}},"2":{"name":"$route","decl":{"start":{"line":95,"column":0},"end":{"line":null,"column":-1}},"loc":{"start":{"line":95,"column":0},"end":{"line":97,"column":0}}}},"branchMap":{"0":{"loc":{"start":{"line":61,"column":0},"end":{"line":65,"column":0}},"type":"if","locations":[{"start":{"line":61,"column":0},"end":{"line":65,"column":0}},{"start":{"line":61,"column":0},"end":{"line":65,"column":0}}]},"1":{"loc":{"start":{"line":67,"column":0},"end":{"line":71,"column":0}},"type":"if","locations":[{"start":{"line":67,"column":0},"end":{"line":71,"column":0}},{"start":{"line":67,"column":0},"end":{"line":71,"column":0}}]},"2":{"loc":{"start":{"line":73,"column":0},"end":{"line":77,"column":0}},"type":"if","locations":[{"start":{"line":73,"column":0},"end":{"line":77,"column":0}},{"start":{"line":73,"column":0},"end":{"line":77,"column":0}}]},"3":{"loc":{"start":{"line":79,"column":0},"end":{"line":81,"column":0}},"type":"if","locations":[{"start":{"line":79,"column":0},"end":{"line":81,"column":0}},{"start":{"line":79,"column":0},"end":{"line":81,"column":0}}]},"4":{"loc":{"start":{"line":83,"column":0},"end":{"line":87,"column":0}},"type":"if","locations":[{"start":{"line":83,"column":0},"end":{"line":87,"column":0}},{"start":{"line":83,"column":0},"end":{"line":87,"column":0}}]},"5":{"loc":{"start":{"line":83,"column":0},"end":{"line":null,"column":-1}},"type":"binary-expr","locations":[{"start":{"line":83,"column":0},"end":{"line":null,"column":-1}},{"start":{"line":83,"column":0},"end":{"line":null,"column":-1}},{"start":{"line":83,"column":0},"end":{"line":null,"column":-1}}]}},"s":{"0":1,"1":12,"2":12,"3":0,"4":12,"5":12,"6":8,"7":4,"8":12,"9":0,"10":0,"11":0,"12":12,"13":5,"14":12,"15":0,"16":0,"17":50},"f":{"0":12,"1":0,"2":50},"b":{"0":[0,12],"1":[8,4],"2":[0,12],"3":[5,7],"4":[0,12],"5":[12,0,0]}}
,"C:\\Users\\webistomin\\Desktop\\movie-search-app\\src\\main.js": {"path":"C:\\Users\\webistomin\\Desktop\\movie-search-app\\src\\main.js","statementMap":{"0":{"start":{"line":1,"column":0},"end":{"line":null,"column":-1}},"1":{"start":{"line":2,"column":0},"end":{"line":null,"column":-1}},"2":{"start":{"line":3,"column":0},"end":{"line":null,"column":-1}},"3":{"start":{"line":4,"column":0},"end":{"line":null,"column":-1}},"4":{"start":{"line":5,"column":0},"end":{"line":null,"column":-1}},"5":{"start":{"line":8,"column":0},"end":{"line":null,"column":-1}},"6":{"start":{"line":11,"column":0},"end":{"line":null,"column":-1}}},"fnMap":{},"branchMap":{},"s":{"0":0,"1":0,"2":0,"3":0,"4":0,"5":0,"6":0},"f":{},"b":{}}
}
