{"C:\\Users\\webistomin\\Desktop\\movie-search-app\\src\\App.vue": {"path":"C:\\Users\\webistomin\\Desktop\\movie-search-app\\src\\App.vue","statementMap":{"0":{"start":{"line":53,"column":0},"end":{"line":null,"column":-1}},"1":{"start":{"line":59,"column":0},"end":{"line":null,"column":-1}},"2":{"start":{"line":61,"column":0},"end":{"line":65,"column":0}},"3":{"start":{"line":62,"column":0},"end":{"line":null,"column":-1}},"4":{"start":{"line":64,"column":0},"end":{"line":null,"column":-1}},"5":{"start":{"line":66,"column":0},"end":{"line":70,"column":0}},"6":{"start":{"line":67,"column":0},"end":{"line":null,"column":-1}},"7":{"start":{"line":69,"column":0},"end":{"line":null,"column":-1}},"8":{"start":{"line":72,"column":0},"end":{"line":76,"column":0}},"9":{"start":{"line":73,"column":0},"end":{"line":null,"column":-1}},"10":{"start":{"line":74,"column":0},"end":{"line":null,"column":-1}},"11":{"start":{"line":75,"column":0},"end":{"line":null,"column":-1}},"12":{"start":{"line":78,"column":0},"end":{"line":80,"column":0}},"13":{"start":{"line":79,"column":0},"end":{"line":null,"column":-1}},"14":{"start":{"line":82,"column":0},"end":{"line":86,"column":0}},"15":{"start":{"line":85,"column":0},"end":{"line":null,"column":-1}},"16":{"start":{"line":90,"column":0},"end":{"line":null,"column":-1}},"17":{"start":{"line":95,"column":0},"end":{"line":null,"column":-1}}},"fnMap":{"0":{"name":"created","decl":{"start":{"line":58,"column":0},"end":{"line":null,"column":-1}},"loc":{"start":{"line":58,"column":0},"end":{"line":87,"column":0}}},"1":{"name":"fixCrappyScrollBehavior","decl":{"start":{"line":89,"column":0},"end":{"line":null,"column":-1}},"loc":{"start":{"line":89,"column":0},"end":{"line":91,"column":0}}},"2":{"name":"$route","decl":{"start":{"line":94,"column":0},"end":{"line":null,"column":-1}},"loc":{"start":{"line":94,"column":0},"end":{"line":96,"column":0}}}},"branchMap":{"0":{"loc":{"start":{"line":61,"column":0},"end":{"line":65,"column":0}},"type":"if","locations":[{"start":{"line":61,"column":0},"end":{"line":65,"column":0}},{"start":{"line":61,"column":0},"end":{"line":65,"column":0}}]},"1":{"loc":{"start":{"line":66,"column":0},"end":{"line":70,"column":0}},"type":"if","locations":[{"start":{"line":66,"column":0},"end":{"line":70,"column":0}},{"start":{"line":66,"column":0},"end":{"line":70,"column":0}}]},"2":{"loc":{"start":{"line":72,"column":0},"end":{"line":76,"column":0}},"type":"if","locations":[{"start":{"line":72,"column":0},"end":{"line":76,"column":0}},{"start":{"line":72,"column":0},"end":{"line":76,"column":0}}]},"3":{"loc":{"start":{"line":78,"column":0},"end":{"line":80,"column":0}},"type":"if","locations":[{"start":{"line":78,"column":0},"end":{"line":80,"column":0}},{"start":{"line":78,"column":0},"end":{"line":80,"column":0}}]},"4":{"loc":{"start":{"line":82,"column":0},"end":{"line":86,"column":0}},"type":"if","locations":[{"start":{"line":82,"column":0},"end":{"line":86,"column":0}},{"start":{"line":82,"column":0},"end":{"line":86,"column":0}}]},"5":{"loc":{"start":{"line":82,"column":0},"end":{"line":null,"column":-1}},"type":"binary-expr","locations":[{"start":{"line":82,"column":0},"end":{"line":null,"column":-1}},{"start":{"line":82,"column":0},"end":{"line":null,"column":-1}},{"start":{"line":82,"column":0},"end":{"line":null,"column":-1}}]}},"s":{"0":1,"1":16,"2":16,"3":1,"4":15,"5":16,"6":5,"7":11,"8":16,"9":1,"10":1,"11":1,"12":16,"13":2,"14":16,"15":2,"16":1,"17":11},"f":{"0":16,"1":1,"2":11},"b":{"0":[1,15],"1":[5,11],"2":[1,15],"3":[2,14],"4":[2,14],"5":[16,4,3]}}
,"C:\\Users\\webistomin\\Desktop\\movie-search-app\\src\\main.js": {"path":"C:\\Users\\webistomin\\Desktop\\movie-search-app\\src\\main.js","statementMap":{"0":{"start":{"line":1,"column":0},"end":{"line":null,"column":-1}},"1":{"start":{"line":2,"column":0},"end":{"line":null,"column":-1}},"2":{"start":{"line":3,"column":0},"end":{"line":null,"column":-1}},"3":{"start":{"line":4,"column":0},"end":{"line":null,"column":-1}},"4":{"start":{"line":5,"column":0},"end":{"line":null,"column":-1}},"5":{"start":{"line":8,"column":0},"end":{"line":null,"column":-1}},"6":{"start":{"line":11,"column":0},"end":{"line":null,"column":-1}}},"fnMap":{},"branchMap":{},"s":{"0":0,"1":0,"2":0,"3":0,"4":0,"5":0,"6":0},"f":{},"b":{}}
,"C:\\Users\\webistomin\\Desktop\\movie-search-app\\src\\assets\\js\\debounce.js": {"path":"C:\\Users\\webistomin\\Desktop\\movie-search-app\\src\\assets\\js\\debounce.js","statementMap":{"0":{"start":{"line":3,"column":2},"end":{"line":7,"column":4}},"1":{"start":{"line":4,"column":20},"end":{"line":4,"column":24}},"2":{"start":{"line":5,"column":4},"end":{"line":5,"column":29}},"3":{"start":{"line":6,"column":4},"end":{"line":6,"column":68}},"4":{"start":{"line":6,"column":34},"end":{"line":6,"column":59}}},"fnMap":{"0":{"name":"debounce","decl":{"start":{"line":1,"column":24},"end":{"line":1,"column":32}},"loc":{"start":{"line":1,"column":46},"end":{"line":8,"column":1}},"line":1},"1":{"name":"debounceAnswer","decl":{"start":{"line":3,"column":18},"end":{"line":3,"column":32}},"loc":{"start":{"line":3,"column":42},"end":{"line":7,"column":3}},"line":3},"2":{"name":"(anonymous_2)","decl":{"start":{"line":6,"column":28},"end":{"line":6,"column":29}},"loc":{"start":{"line":6,"column":34},"end":{"line":6,"column":59}},"line":6}},"branchMap":{},"s":{"0":17,"1":1,"2":1,"3":1,"4":0},"f":{"0":17,"1":1,"2":0},"b":{},"_coverageSchema":"332fd63041d2c1bcb487cc26dd0d5f7d97098a6c","hash":"7e2ef141cf60367d9481ac95414ce0d6f338f75d"}
,"C:\\Users\\webistomin\\Desktop\\movie-search-app\\src\\assets\\js\\filters.js": {"path":"C:\\Users\\webistomin\\Desktop\\movie-search-app\\src\\assets\\js\\filters.js","statementMap":{"0":{"start":{"line":3,"column":20},"end":{"line":14,"column":2}},"1":{"start":{"line":4,"column":2},"end":{"line":13,"column":3}},"2":{"start":{"line":6,"column":6},"end":{"line":6,"column":79}},"3":{"start":{"line":8,"column":6},"end":{"line":8,"column":79}},"4":{"start":{"line":10,"column":6},"end":{"line":10,"column":80}},"5":{"start":{"line":12,"column":6},"end":{"line":12,"column":50}},"6":{"start":{"line":16,"column":19},"end":{"line":16,"column":100}},"7":{"start":{"line":16,"column":58},"end":{"line":16,"column":99}}},"fnMap":{"0":{"name":"(anonymous_0)","decl":{"start":{"line":3,"column":52},"end":{"line":3,"column":53}},"loc":{"start":{"line":3,"column":63},"end":{"line":14,"column":1}},"line":3},"1":{"name":"(anonymous_1)","decl":{"start":{"line":16,"column":50},"end":{"line":16,"column":51}},"loc":{"start":{"line":16,"column":58},"end":{"line":16,"column":99}},"line":16}},"branchMap":{"0":{"loc":{"start":{"line":4,"column":2},"end":{"line":13,"column":3}},"type":"switch","locations":[{"start":{"line":5,"column":4},"end":{"line":6,"column":79}},{"start":{"line":7,"column":4},"end":{"line":8,"column":79}},{"start":{"line":9,"column":4},"end":{"line":10,"column":80}},{"start":{"line":11,"column":4},"end":{"line":12,"column":50}}],"line":4}},"s":{"0":4,"1":40,"2":0,"3":40,"4":0,"5":0,"6":4,"7":23},"f":{"0":40,"1":23},"b":{"0":[0,40,0,0]},"_coverageSchema":"332fd63041d2c1bcb487cc26dd0d5f7d97098a6c","hash":"843ba36bafce5b7f7537410bffa0dcfdc2ccd745"}
,"C:\\Users\\webistomin\\Desktop\\movie-search-app\\src\\assets\\js\\throttle.js": {"path":"C:\\Users\\webistomin\\Desktop\\movie-search-app\\src\\assets\\js\\throttle.js","statementMap":{"0":{"start":{"line":2,"column":20},"end":{"line":2,"column":25}},"1":{"start":{"line":3,"column":18},"end":{"line":3,"column":23}},"2":{"start":{"line":4,"column":18},"end":{"line":4,"column":23}},"3":{"start":{"line":7,"column":4},"end":{"line":11,"column":5}},"4":{"start":{"line":8,"column":6},"end":{"line":8,"column":23}},"5":{"start":{"line":9,"column":6},"end":{"line":9,"column":23}},"6":{"start":{"line":10,"column":6},"end":{"line":10,"column":13}},"7":{"start":{"line":13,"column":4},"end":{"line":13,"column":27}},"8":{"start":{"line":15,"column":4},"end":{"line":15,"column":23}},"9":{"start":{"line":17,"column":4},"end":{"line":24,"column":11}},"10":{"start":{"line":18,"column":6},"end":{"line":18,"column":26}},"11":{"start":{"line":19,"column":6},"end":{"line":23,"column":7}},"12":{"start":{"line":20,"column":8},"end":{"line":20,"column":44}},"13":{"start":{"line":21,"column":8},"end":{"line":21,"column":26}},"14":{"start":{"line":22,"column":8},"end":{"line":22,"column":26}},"15":{"start":{"line":27,"column":2},"end":{"line":27,"column":17}}},"fnMap":{"0":{"name":"throttle","decl":{"start":{"line":1,"column":24},"end":{"line":1,"column":32}},"loc":{"start":{"line":1,"column":43},"end":{"line":28,"column":1}},"line":1},"1":{"name":"wrapper","decl":{"start":{"line":6,"column":11},"end":{"line":6,"column":18}},"loc":{"start":{"line":6,"column":28},"end":{"line":25,"column":3}},"line":6},"2":{"name":"(anonymous_2)","decl":{"start":{"line":17,"column":15},"end":{"line":17,"column":16}},"loc":{"start":{"line":17,"column":21},"end":{"line":24,"column":5}},"line":17}},"branchMap":{"0":{"loc":{"start":{"line":7,"column":4},"end":{"line":11,"column":5}},"type":"if","locations":[{"start":{"line":7,"column":4},"end":{"line":11,"column":5}},{"start":{"line":7,"column":4},"end":{"line":11,"column":5}}],"line":7},"1":{"loc":{"start":{"line":19,"column":6},"end":{"line":23,"column":7}},"type":"if","locations":[{"start":{"line":19,"column":6},"end":{"line":23,"column":7}},{"start":{"line":19,"column":6},"end":{"line":23,"column":7}}],"line":19}},"s":{"0":9,"1":9,"2":9,"3":1,"4":0,"5":0,"6":0,"7":1,"8":1,"9":1,"10":0,"11":0,"12":0,"13":0,"14":0,"15":9},"f":{"0":9,"1":1,"2":0},"b":{"0":[0,1],"1":[0,0]},"_coverageSchema":"332fd63041d2c1bcb487cc26dd0d5f7d97098a6c","hash":"28197581cd2d2eadaab5382fb050265f65a19bfa"}
,"C:\\Users\\webistomin\\Desktop\\movie-search-app\\src\\components\\BestList.vue": {"path":"C:\\Users\\webistomin\\Desktop\\movie-search-app\\src\\components\\BestList.vue","statementMap":{"0":{"start":{"line":16,"column":0},"end":{"line":null,"column":-1}}},"fnMap":{},"branchMap":{},"s":{"0":2},"f":{},"b":{}}
,"C:\\Users\\webistomin\\Desktop\\movie-search-app\\src\\components\\BestListItem.vue": {"path":"C:\\Users\\webistomin\\Desktop\\movie-search-app\\src\\components\\BestListItem.vue","statementMap":{"0":{"start":{"line":52,"column":0},"end":{"line":null,"column":-1}},"1":{"start":{"line":55,"column":0},"end":{"line":null,"column":-1}}},"fnMap":{"0":{"name":"getBorderColor","decl":{"start":{"line":51,"column":0},"end":{"line":null,"column":-1}},"loc":{"start":{"line":51,"column":0},"end":{"line":53,"column":0}}},"1":{"name":"getPosterSrc","decl":{"start":{"line":54,"column":0},"end":{"line":null,"column":-1}},"loc":{"start":{"line":54,"column":0},"end":{"line":56,"column":0}}}},"branchMap":{"0":{"loc":{"start":{"line":52,"column":0},"end":{"line":null,"column":-1}},"type":"cond-expr","locations":[{"start":{"line":52,"column":0},"end":{"line":null,"column":-1}},{"start":{"line":52,"column":0},"end":{"line":null,"column":-1}}]},"1":{"loc":{"start":{"line":55,"column":0},"end":{"line":null,"column":-1}},"type":"cond-expr","locations":[{"start":{"line":55,"column":0},"end":{"line":null,"column":-1}},{"start":{"line":55,"column":0},"end":{"line":null,"column":-1}}]}},"s":{"0":5,"1":5},"f":{"0":5,"1":5},"b":{"0":[4,1],"1":[4,1]}}
,"C:\\Users\\webistomin\\Desktop\\movie-search-app\\src\\components\\BestMovies.vue": {"path":"C:\\Users\\webistomin\\Desktop\\movie-search-app\\src\\components\\BestMovies.vue","statementMap":{"0":{"start":{"line":11,"column":0},"end":{"line":null,"column":-1}},"1":{"start":{"line":16,"column":0},"end":{"line":null,"column":-1}},"2":{"start":{"line":17,"column":0},"end":{"line":24,"column":0}},"3":{"start":{"line":18,"column":0},"end":{"line":23,"column":0}},"4":{"start":{"line":20,"column":0},"end":{"line":22,"column":0}},"5":{"start":{"line":21,"column":0},"end":{"line":null,"column":-1}},"6":{"start":{"line":28,"column":0},"end":{"line":null,"column":-1}}},"fnMap":{"0":{"name":"created","decl":{"start":{"line":16,"column":0},"end":{"line":null,"column":-1}},"loc":{"start":{"line":16,"column":0},"end":{"line":25,"column":0}}},"1":{"name":"(anonymous_3)","decl":{"start":{"line":18,"column":0},"end":{"line":null,"column":-1}},"loc":{"start":{"line":18,"column":0},"end":{"line":23,"column":0}}},"2":{"name":"getPopularMovies","decl":{"start":{"line":27,"column":0},"end":{"line":null,"column":-1}},"loc":{"start":{"line":27,"column":0},"end":{"line":29,"column":0}}}},"branchMap":{"0":{"loc":{"start":{"line":17,"column":0},"end":{"line":24,"column":0}},"type":"if","locations":[{"start":{"line":17,"column":0},"end":{"line":24,"column":0}},{"start":{"line":17,"column":0},"end":{"line":24,"column":0}}]},"1":{"loc":{"start":{"line":20,"column":0},"end":{"line":22,"column":0}},"type":"if","locations":[{"start":{"line":20,"column":0},"end":{"line":22,"column":0}},{"start":{"line":20,"column":0},"end":{"line":22,"column":0}}]}},"s":{"0":2,"1":6,"2":6,"3":5,"4":5,"5":4,"6":6},"f":{"0":6,"1":5,"2":6},"b":{"0":[5,1],"1":[4,1]}}
,"C:\\Users\\webistomin\\Desktop\\movie-search-app\\src\\components\\Header.vue": {"path":"C:\\Users\\webistomin\\Desktop\\movie-search-app\\src\\components\\Header.vue","statementMap":{"0":{"start":{"line":102,"column":0},"end":{"line":null,"column":-1}},"1":{"start":{"line":103,"column":0},"end":{"line":null,"column":-1}},"2":{"start":{"line":108,"column":0},"end":{"line":null,"column":-1}},"3":{"start":{"line":113,"column":0},"end":{"line":null,"column":-1}},"4":{"start":{"line":116,"column":0},"end":{"line":null,"column":-1}},"5":{"start":{"line":117,"column":0},"end":{"line":120,"column":0}},"6":{"start":{"line":119,"column":0},"end":{"line":null,"column":-1}},"7":{"start":{"line":123,"column":0},"end":{"line":null,"column":-1}},"8":{"start":{"line":126,"column":0},"end":{"line":null,"column":-1}},"9":{"start":{"line":127,"column":0},"end":{"line":null,"column":-1}},"10":{"start":{"line":130,"column":0},"end":{"line":null,"column":-1}},"11":{"start":{"line":131,"column":0},"end":{"line":null,"column":-1}},"12":{"start":{"line":135,"column":0},"end":{"line":null,"column":-1}},"13":{"start":{"line":138,"column":0},"end":{"line":null,"column":-1}},"14":{"start":{"line":143,"column":0},"end":{"line":null,"column":-1}},"15":{"start":{"line":147,"column":0},"end":{"line":null,"column":-1}},"16":{"start":{"line":150,"column":0},"end":{"line":null,"column":-1}},"17":{"start":{"line":154,"column":0},"end":{"line":null,"column":-1}},"18":{"start":{"line":157,"column":0},"end":{"line":null,"column":-1}},"19":{"start":{"line":160,"column":0},"end":{"line":null,"column":-1}},"20":{"start":{"line":163,"column":0},"end":{"line":null,"column":-1}},"21":{"start":{"line":166,"column":0},"end":{"line":null,"column":-1}},"22":{"start":{"line":169,"column":0},"end":{"line":null,"column":-1}},"23":{"start":{"line":172,"column":0},"end":{"line":null,"column":-1}},"24":{"start":{"line":175,"column":0},"end":{"line":null,"column":-1}},"25":{"start":{"line":178,"column":0},"end":{"line":null,"column":-1}},"26":{"start":{"line":181,"column":0},"end":{"line":null,"column":-1}},"27":{"start":{"line":182,"column":0},"end":{"line":null,"column":-1}},"28":{"start":{"line":183,"column":0},"end":{"line":null,"column":-1}},"29":{"start":{"line":184,"column":0},"end":{"line":null,"column":-1}}},"fnMap":{"0":{"name":"data","decl":{"start":{"line":107,"column":0},"end":{"line":null,"column":-1}},"loc":{"start":{"line":107,"column":0},"end":{"line":111,"column":0}}},"1":{"name":"created","decl":{"start":{"line":112,"column":0},"end":{"line":null,"column":-1}},"loc":{"start":{"line":112,"column":0},"end":{"line":114,"column":0}}},"2":{"name":"fetchMoviesWithSearchQuery","decl":{"start":{"line":116,"column":0},"end":{"line":null,"column":-1}},"loc":{"start":{"line":116,"column":0},"end":{"line":121,"column":0}}},"3":{"name":"(anonymous_5)","decl":{"start":{"line":117,"column":0},"end":{"line":null,"column":-1}},"loc":{"start":{"line":117,"column":0},"end":{"line":120,"column":0}}},"4":{"name":"logOut","decl":{"start":{"line":122,"column":0},"end":{"line":null,"column":-1}},"loc":{"start":{"line":122,"column":0},"end":{"line":124,"column":0}}},"5":{"name":"setRowView","decl":{"start":{"line":125,"column":0},"end":{"line":null,"column":-1}},"loc":{"start":{"line":125,"column":0},"end":{"line":128,"column":0}}},"6":{"name":"setGridView","decl":{"start":{"line":129,"column":0},"end":{"line":null,"column":-1}},"loc":{"start":{"line":129,"column":0},"end":{"line":132,"column":0}}},"7":{"name":"toggleAppNavigation","decl":{"start":{"line":133,"column":0},"end":{"line":null,"column":-1}},"loc":{"start":{"line":133,"column":0},"end":{"line":136,"column":0}}},"8":{"name":"toggleUserMenu","decl":{"start":{"line":137,"column":0},"end":{"line":null,"column":-1}},"loc":{"start":{"line":137,"column":0},"end":{"line":139,"column":0}}},"9":{"name":"getAvatarSrc","decl":{"start":{"line":142,"column":0},"end":{"line":null,"column":-1}},"loc":{"start":{"line":142,"column":0},"end":{"line":144,"column":0}}},"10":{"name":"get","decl":{"start":{"line":146,"column":0},"end":{"line":null,"column":-1}},"loc":{"start":{"line":146,"column":0},"end":{"line":148,"column":0}}},"11":{"name":"throttleMutation","decl":{"start":{"line":149,"column":0},"end":{"line":null,"column":-1}},"loc":{"start":{"line":149,"column":0},"end":{"line":151,"column":0}}},"12":{"name":"getUserDetails","decl":{"start":{"line":153,"column":0},"end":{"line":null,"column":-1}},"loc":{"start":{"line":153,"column":0},"end":{"line":155,"column":0}}},"13":{"name":"getRequestToken","decl":{"start":{"line":156,"column":0},"end":{"line":null,"column":-1}},"loc":{"start":{"line":156,"column":0},"end":{"line":158,"column":0}}},"14":{"name":"getUserMenuClass","decl":{"start":{"line":159,"column":0},"end":{"line":null,"column":-1}},"loc":{"start":{"line":159,"column":0},"end":{"line":161,"column":0}}},"15":{"name":"getUserButtonClass","decl":{"start":{"line":162,"column":0},"end":{"line":null,"column":-1}},"loc":{"start":{"line":162,"column":0},"end":{"line":164,"column":0}}},"16":{"name":"getAuthorizeState","decl":{"start":{"line":165,"column":0},"end":{"line":null,"column":-1}},"loc":{"start":{"line":165,"column":0},"end":{"line":167,"column":0}}},"17":{"name":"getNavigationState","decl":{"start":{"line":168,"column":0},"end":{"line":null,"column":-1}},"loc":{"start":{"line":168,"column":0},"end":{"line":170,"column":0}}},"18":{"name":"getRowViewState","decl":{"start":{"line":171,"column":0},"end":{"line":null,"column":-1}},"loc":{"start":{"line":171,"column":0},"end":{"line":173,"column":0}}},"19":{"name":"getGridViewState","decl":{"start":{"line":174,"column":0},"end":{"line":null,"column":-1}},"loc":{"start":{"line":174,"column":0},"end":{"line":176,"column":0}}},"20":{"name":"getToggleClass","decl":{"start":{"line":177,"column":0},"end":{"line":null,"column":-1}},"loc":{"start":{"line":177,"column":0},"end":{"line":179,"column":0}}},"21":{"name":"getAuthLink","decl":{"start":{"line":180,"column":0},"end":{"line":null,"column":-1}},"loc":{"start":{"line":180,"column":0},"end":{"line":185,"column":0}}}},"branchMap":{"0":{"loc":{"start":{"line":135,"column":0},"end":{"line":null,"column":-1}},"type":"cond-expr","locations":[{"start":{"line":135,"column":0},"end":{"line":null,"column":-1}},{"start":{"line":135,"column":0},"end":{"line":null,"column":-1}}]},"1":{"loc":{"start":{"line":160,"column":0},"end":{"line":null,"column":-1}},"type":"cond-expr","locations":[{"start":{"line":160,"column":0},"end":{"line":null,"column":-1}},{"start":{"line":160,"column":0},"end":{"line":null,"column":-1}}]},"2":{"loc":{"start":{"line":163,"column":0},"end":{"line":null,"column":-1}},"type":"cond-expr","locations":[{"start":{"line":163,"column":0},"end":{"line":null,"column":-1}},{"start":{"line":163,"column":0},"end":{"line":null,"column":-1}}]},"3":{"loc":{"start":{"line":178,"column":0},"end":{"line":null,"column":-1}},"type":"cond-expr","locations":[{"start":{"line":178,"column":0},"end":{"line":null,"column":-1}},{"start":{"line":178,"column":0},"end":{"line":null,"column":-1}}]}},"s":{"0":9,"1":9,"2":17,"3":17,"4":2,"5":2,"6":2,"7":1,"8":1,"9":1,"10":1,"11":1,"12":2,"13":1,"14":1,"15":17,"16":1,"17":1,"18":17,"19":2,"20":2,"21":17,"22":20,"23":17,"24":17,"25":20,"26":21,"27":21,"28":21,"29":21},"f":{"0":17,"1":17,"2":2,"3":2,"4":1,"5":1,"6":1,"7":2,"8":1,"9":1,"10":17,"11":1,"12":1,"13":17,"14":2,"15":2,"16":17,"17":20,"18":17,"19":17,"20":20,"21":21},"b":{"0":[1,1],"1":[1,1],"2":[1,1],"3":[2,18]}}
,"C:\\Users\\webistomin\\Desktop\\movie-search-app\\src\\components\\Home.vue": {"path":"C:\\Users\\webistomin\\Desktop\\movie-search-app\\src\\components\\Home.vue","statementMap":{"0":{"start":{"line":9,"column":0},"end":{"line":null,"column":-1}},"1":{"start":{"line":10,"column":0},"end":{"line":null,"column":-1}}},"fnMap":{},"branchMap":{},"s":{"0":9,"1":9},"f":{},"b":{}}
,"C:\\Users\\webistomin\\Desktop\\movie-search-app\\src\\components\\Index.vue": {"path":"C:\\Users\\webistomin\\Desktop\\movie-search-app\\src\\components\\Index.vue","statementMap":{"0":{"start":{"line":9,"column":0},"end":{"line":null,"column":-1}},"1":{"start":{"line":10,"column":0},"end":{"line":null,"column":-1}}},"fnMap":{},"branchMap":{},"s":{"0":1,"1":1},"f":{},"b":{}}
,"C:\\Users\\webistomin\\Desktop\\movie-search-app\\src\\components\\Intro.vue": {"path":"C:\\Users\\webistomin\\Desktop\\movie-search-app\\src\\components\\Intro.vue","statementMap":{"0":{"start":{"line":9,"column":0},"end":{"line":null,"column":-1}},"1":{"start":{"line":10,"column":0},"end":{"line":null,"column":-1}}},"fnMap":{},"branchMap":{},"s":{"0":1,"1":1},"f":{},"b":{}}
,"C:\\Users\\webistomin\\Desktop\\movie-search-app\\src\\components\\MessagePopup.vue": {"path":"C:\\Users\\webistomin\\Desktop\\movie-search-app\\src\\components\\MessagePopup.vue","statementMap":{"0":{"start":{"line":16,"column":0},"end":{"line":null,"column":-1}},"1":{"start":{"line":23,"column":0},"end":{"line":null,"column":-1}},"2":{"start":{"line":26,"column":0},"end":{"line":null,"column":-1}},"3":{"start":{"line":31,"column":0},"end":{"line":null,"column":-1}},"4":{"start":{"line":33,"column":0},"end":{"line":null,"column":-1}},"5":{"start":{"line":34,"column":0},"end":{"line":null,"column":-1}},"6":{"start":{"line":35,"column":0},"end":{"line":38,"column":0}},"7":{"start":{"line":36,"column":0},"end":{"line":null,"column":-1}},"8":{"start":{"line":37,"column":0},"end":{"line":null,"column":-1}},"9":{"start":{"line":42,"column":0},"end":{"line":44,"column":0}},"10":{"start":{"line":43,"column":0},"end":{"line":null,"column":-1}}},"fnMap":{"0":{"name":"data","decl":{"start":{"line":15,"column":0},"end":{"line":null,"column":-1}},"loc":{"start":{"line":15,"column":0},"end":{"line":20,"column":0}}},"1":{"name":"isVisible","decl":{"start":{"line":22,"column":0},"end":{"line":null,"column":-1}},"loc":{"start":{"line":22,"column":0},"end":{"line":24,"column":0}}},"2":{"name":"getMessage","decl":{"start":{"line":25,"column":0},"end":{"line":null,"column":-1}},"loc":{"start":{"line":25,"column":0},"end":{"line":27,"column":0}}},"3":{"name":"removeMessage","decl":{"start":{"line":30,"column":0},"end":{"line":null,"column":-1}},"loc":{"start":{"line":30,"column":0},"end":{"line":32,"column":0}}},"4":{"name":"setMessageTimeout","decl":{"start":{"line":33,"column":0},"end":{"line":null,"column":-1}},"loc":{"start":{"line":33,"column":0},"end":{"line":39,"column":0}}},"5":{"name":"(anonymous_6)","decl":{"start":{"line":35,"column":0},"end":{"line":null,"column":-1}},"loc":{"start":{"line":35,"column":0},"end":{"line":38,"column":0}}},"6":{"name":"updated","decl":{"start":{"line":41,"column":0},"end":{"line":null,"column":-1}},"loc":{"start":{"line":41,"column":0},"end":{"line":45,"column":0}}}},"branchMap":{"0":{"loc":{"start":{"line":42,"column":0},"end":{"line":44,"column":0}},"type":"if","locations":[{"start":{"line":42,"column":0},"end":{"line":44,"column":0}},{"start":{"line":42,"column":0},"end":{"line":44,"column":0}}]}},"s":{"0":7,"1":7,"2":7,"3":1,"4":1,"5":1,"6":1,"7":1,"8":1,"9":2,"10":1},"f":{"0":7,"1":7,"2":7,"3":1,"4":1,"5":1,"6":2},"b":{"0":[1,1]}}
,"C:\\Users\\webistomin\\Desktop\\movie-search-app\\src\\components\\MoviePage.vue": {"path":"C:\\Users\\webistomin\\Desktop\\movie-search-app\\src\\components\\MoviePage.vue","statementMap":{"0":{"start":{"line":152,"column":0},"end":{"line":null,"column":-1}},"1":{"start":{"line":153,"column":0},"end":{"line":null,"column":-1}},"2":{"start":{"line":154,"column":0},"end":{"line":null,"column":-1}},"3":{"start":{"line":159,"column":0},"end":{"line":null,"column":-1}},"4":{"start":{"line":160,"column":0},"end":{"line":173,"column":0}},"5":{"start":{"line":161,"column":0},"end":{"line":172,"column":0}},"6":{"start":{"line":170,"column":0},"end":{"line":null,"column":-1}},"7":{"start":{"line":171,"column":0},"end":{"line":null,"column":-1}},"8":{"start":{"line":175,"column":0},"end":{"line":null,"column":-1}},"9":{"start":{"line":176,"column":0},"end":{"line":null,"column":-1}},"10":{"start":{"line":177,"column":0},"end":{"line":189,"column":0}},"11":{"start":{"line":186,"column":0},"end":{"line":null,"column":-1}},"12":{"start":{"line":187,"column":0},"end":{"line":null,"column":-1}},"13":{"start":{"line":188,"column":0},"end":{"line":null,"column":-1}},"14":{"start":{"line":192,"column":0},"end":{"line":null,"column":-1}},"15":{"start":{"line":193,"column":0},"end":{"line":null,"column":-1}},"16":{"start":{"line":194,"column":0},"end":{"line":null,"column":-1}},"17":{"start":{"line":195,"column":0},"end":{"line":201,"column":0}},"18":{"start":{"line":200,"column":0},"end":{"line":null,"column":-1}},"19":{"start":{"line":206,"column":0},"end":{"line":null,"column":-1}},"20":{"start":{"line":209,"column":0},"end":{"line":null,"column":-1}},"21":{"start":{"line":212,"column":0},"end":{"line":null,"column":-1}},"22":{"start":{"line":215,"column":0},"end":{"line":null,"column":-1}},"23":{"start":{"line":218,"column":0},"end":{"line":null,"column":-1}},"24":{"start":{"line":221,"column":0},"end":{"line":null,"column":-1}},"25":{"start":{"line":224,"column":0},"end":{"line":null,"column":-1}},"26":{"start":{"line":227,"column":0},"end":{"line":null,"column":-1}},"27":{"start":{"line":230,"column":0},"end":{"line":null,"column":-1}},"28":{"start":{"line":232,"column":0},"end":{"line":null,"column":-1}},"29":{"start":{"line":234,"column":0},"end":{"line":null,"column":-1}},"30":{"start":{"line":236,"column":0},"end":{"line":null,"column":-1}},"31":{"start":{"line":238,"column":0},"end":{"line":null,"column":-1}},"32":{"start":{"line":242,"column":0},"end":{"line":null,"column":-1}},"33":{"start":{"line":245,"column":0},"end":{"line":null,"column":-1}},"34":{"start":{"line":248,"column":0},"end":{"line":null,"column":-1}},"35":{"start":{"line":251,"column":0},"end":{"line":null,"column":-1}},"36":{"start":{"line":252,"column":0},"end":{"line":null,"column":-1}},"37":{"start":{"line":255,"column":0},"end":{"line":null,"column":-1}}},"fnMap":{"0":{"name":"beforeRouteEnter","decl":{"start":{"line":158,"column":0},"end":{"line":null,"column":-1}},"loc":{"start":{"line":158,"column":0},"end":{"line":174,"column":0}}},"1":{"name":"(anonymous_3)","decl":{"start":{"line":160,"column":0},"end":{"line":null,"column":-1}},"loc":{"start":{"line":160,"column":0},"end":{"line":173,"column":0}}},"2":{"name":"(anonymous_4)","decl":{"start":{"line":161,"column":0},"end":{"line":null,"column":-1}},"loc":{"start":{"line":161,"column":0},"end":{"line":172,"column":0}}},"3":{"name":"beforeRouteUpdate","decl":{"start":{"line":175,"column":0},"end":{"line":null,"column":-1}},"loc":{"start":{"line":175,"column":0},"end":{"line":190,"column":0}}},"4":{"name":"(anonymous_6)","decl":{"start":{"line":177,"column":0},"end":{"line":null,"column":-1}},"loc":{"start":{"line":177,"column":0},"end":{"line":189,"column":0}}},"5":{"name":"markMovieAsFavorite","decl":{"start":{"line":192,"column":0},"end":{"line":null,"column":-1}},"loc":{"start":{"line":192,"column":0},"end":{"line":202,"column":0}}},"6":{"name":"(anonymous_8)","decl":{"start":{"line":195,"column":0},"end":{"line":null,"column":-1}},"loc":{"start":{"line":195,"column":0},"end":{"line":201,"column":0}}},"7":{"name":"getMovieDetails","decl":{"start":{"line":205,"column":0},"end":{"line":null,"column":-1}},"loc":{"start":{"line":205,"column":0},"end":{"line":207,"column":0}}},"8":{"name":"getMovieCredits","decl":{"start":{"line":208,"column":0},"end":{"line":null,"column":-1}},"loc":{"start":{"line":208,"column":0},"end":{"line":210,"column":0}}},"9":{"name":"getMovieImages","decl":{"start":{"line":211,"column":0},"end":{"line":null,"column":-1}},"loc":{"start":{"line":211,"column":0},"end":{"line":213,"column":0}}},"10":{"name":"getSimilarMovies","decl":{"start":{"line":214,"column":0},"end":{"line":null,"column":-1}},"loc":{"start":{"line":214,"column":0},"end":{"line":216,"column":0}}},"11":{"name":"getRecommendedMovies","decl":{"start":{"line":217,"column":0},"end":{"line":null,"column":-1}},"loc":{"start":{"line":217,"column":0},"end":{"line":219,"column":0}}},"12":{"name":"getBackgroundPath","decl":{"start":{"line":220,"column":0},"end":{"line":null,"column":-1}},"loc":{"start":{"line":220,"column":0},"end":{"line":222,"column":0}}},"13":{"name":"getImageSrc","decl":{"start":{"line":223,"column":0},"end":{"line":null,"column":-1}},"loc":{"start":{"line":223,"column":0},"end":{"line":225,"column":0}}},"14":{"name":"getImageHiResSrc","decl":{"start":{"line":226,"column":0},"end":{"line":null,"column":-1}},"loc":{"start":{"line":226,"column":0},"end":{"line":228,"column":0}}},"15":{"name":"getChartColor","decl":{"start":{"line":229,"column":0},"end":{"line":null,"column":-1}},"loc":{"start":{"line":229,"column":0},"end":{"line":240,"column":0}}},"16":{"name":"getChartLength","decl":{"start":{"line":241,"column":0},"end":{"line":null,"column":-1}},"loc":{"start":{"line":241,"column":0},"end":{"line":243,"column":0}}},"17":{"name":"getAuthorizeState","decl":{"start":{"line":244,"column":0},"end":{"line":null,"column":-1}},"loc":{"start":{"line":244,"column":0},"end":{"line":246,"column":0}}},"18":{"name":"getFavoriteMovies","decl":{"start":{"line":247,"column":0},"end":{"line":null,"column":-1}},"loc":{"start":{"line":247,"column":0},"end":{"line":249,"column":0}}},"19":{"name":"isFavorite","decl":{"start":{"line":250,"column":0},"end":{"line":null,"column":-1}},"loc":{"start":{"line":250,"column":0},"end":{"line":253,"column":0}}},"20":{"name":"(anonymous_22)","decl":{"start":{"line":251,"column":0},"end":{"line":null,"column":-1}},"loc":{"start":{"line":251,"column":0},"end":{"line":null,"column":-1}}},"21":{"name":"getFavoriteText","decl":{"start":{"line":254,"column":0},"end":{"line":null,"column":-1}},"loc":{"start":{"line":254,"column":0},"end":{"line":256,"column":0}}}},"branchMap":{"0":{"loc":{"start":{"line":221,"column":0},"end":{"line":null,"column":-1}},"type":"cond-expr","locations":[{"start":{"line":221,"column":0},"end":{"line":null,"column":-1}},{"start":{"line":221,"column":0},"end":{"line":null,"column":-1}}]},"1":{"loc":{"start":{"line":224,"column":0},"end":{"line":null,"column":-1}},"type":"cond-expr","locations":[{"start":{"line":224,"column":0},"end":{"line":null,"column":-1}},{"start":{"line":224,"column":0},"end":{"line":null,"column":-1}}]},"2":{"loc":{"start":{"line":231,"column":0},"end":{"line":232,"column":0}},"type":"switch","locations":[{"start":{"line":231,"column":0},"end":{"line":232,"column":0}},{"start":{"line":233,"column":0},"end":{"line":234,"column":0}},{"start":{"line":235,"column":0},"end":{"line":236,"column":0}},{"start":{"line":237,"column":0},"end":{"line":238,"column":0}}]},"3":{"loc":{"start":{"line":255,"column":0},"end":{"line":null,"column":-1}},"type":"cond-expr","locations":[{"start":{"line":255,"column":0},"end":{"line":null,"column":-1}},{"start":{"line":255,"column":0},"end":{"line":null,"column":-1}}]}},"s":{"0":9,"1":9,"2":9,"3":1,"4":1,"5":0,"6":0,"7":0,"8":0,"9":0,"10":0,"11":0,"12":0,"13":0,"14":1,"15":1,"16":1,"17":1,"18":1,"19":18,"20":16,"21":16,"22":16,"23":16,"24":17,"25":17,"26":16,"27":20,"28":17,"29":1,"30":1,"31":1,"32":18,"33":16,"34":6,"35":10,"36":5,"37":2},"f":{"0":1,"1":0,"2":0,"3":0,"4":0,"5":1,"6":1,"7":18,"8":16,"9":16,"10":16,"11":16,"12":17,"13":17,"14":16,"15":20,"16":18,"17":16,"18":6,"19":5,"20":5,"21":2},"b":{"0":[16,1],"1":[16,1],"2":[17,1,1,1],"3":[1,1]}}
,"C:\\Users\\webistomin\\Desktop\\movie-search-app\\src\\components\\MoviesList.vue": {"path":"C:\\Users\\webistomin\\Desktop\\movie-search-app\\src\\components\\MoviesList.vue","statementMap":{"0":{"start":{"line":21,"column":0},"end":{"line":null,"column":-1}},"1":{"start":{"line":34,"column":0},"end":{"line":null,"column":-1}},"2":{"start":{"line":37,"column":0},"end":{"line":null,"column":-1}},"3":{"start":{"line":42,"column":0},"end":{"line":null,"column":-1}},"4":{"start":{"line":45,"column":0},"end":{"line":null,"column":-1}},"5":{"start":{"line":48,"column":0},"end":{"line":null,"column":-1}}},"fnMap":{"0":{"name":"getMovieOverview","decl":{"start":{"line":33,"column":0},"end":{"line":null,"column":-1}},"loc":{"start":{"line":33,"column":0},"end":{"line":35,"column":0}}},"1":{"name":"getPosterSrc","decl":{"start":{"line":36,"column":0},"end":{"line":null,"column":-1}},"loc":{"start":{"line":36,"column":0},"end":{"line":38,"column":0}}},"2":{"name":"getPerspectiveValue","decl":{"start":{"line":41,"column":0},"end":{"line":null,"column":-1}},"loc":{"start":{"line":41,"column":0},"end":{"line":43,"column":0}}},"3":{"name":"getRowViewState","decl":{"start":{"line":44,"column":0},"end":{"line":null,"column":-1}},"loc":{"start":{"line":44,"column":0},"end":{"line":46,"column":0}}},"4":{"name":"getGridViewState","decl":{"start":{"line":47,"column":0},"end":{"line":null,"column":-1}},"loc":{"start":{"line":47,"column":0},"end":{"line":49,"column":0}}}},"branchMap":{"0":{"loc":{"start":{"line":34,"column":0},"end":{"line":null,"column":-1}},"type":"cond-expr","locations":[{"start":{"line":34,"column":0},"end":{"line":null,"column":-1}},{"start":{"line":34,"column":0},"end":{"line":null,"column":-1}}]},"1":{"loc":{"start":{"line":37,"column":0},"end":{"line":null,"column":-1}},"type":"cond-expr","locations":[{"start":{"line":37,"column":0},"end":{"line":null,"column":-1}},{"start":{"line":37,"column":0},"end":{"line":null,"column":-1}}]},"2":{"loc":{"start":{"line":42,"column":0},"end":{"line":null,"column":-1}},"type":"cond-expr","locations":[{"start":{"line":42,"column":0},"end":{"line":null,"column":-1}},{"start":{"line":42,"column":0},"end":{"line":null,"column":-1}}]}},"s":{"0":9,"1":17,"2":17,"3":7,"4":8,"5":8},"f":{"0":17,"1":17,"2":7,"3":8,"4":8},"b":{"0":[14,3],"1":[16,1],"2":[1,6]}}
,"C:\\Users\\webistomin\\Desktop\\movie-search-app\\src\\components\\MoviesListItem.vue": {"path":"C:\\Users\\webistomin\\Desktop\\movie-search-app\\src\\components\\MoviesListItem.vue","statementMap":{"0":{"start":{"line":70,"column":0},"end":{"line":null,"column":-1}},"1":{"start":{"line":73,"column":0},"end":{"line":null,"column":-1}},"2":{"start":{"line":74,"column":0},"end":{"line":null,"column":-1}},"3":{"start":{"line":75,"column":0},"end":{"line":null,"column":-1}},"4":{"start":{"line":84,"column":0},"end":{"line":92,"column":0}},"5":{"start":{"line":85,"column":0},"end":{"line":91,"column":0}},"6":{"start":{"line":86,"column":0},"end":{"line":90,"column":0}},"7":{"start":{"line":87,"column":0},"end":{"line":89,"column":0}},"8":{"start":{"line":88,"column":0},"end":{"line":null,"column":-1}},"9":{"start":{"line":94,"column":0},"end":{"line":null,"column":-1}}},"fnMap":{"0":{"name":"getGenresList","decl":{"start":{"line":69,"column":0},"end":{"line":null,"column":-1}},"loc":{"start":{"line":69,"column":0},"end":{"line":71,"column":0}}},"1":{"name":"getMovieGenres","decl":{"start":{"line":72,"column":0},"end":{"line":null,"column":-1}},"loc":{"start":{"line":72,"column":0},"end":{"line":95,"column":0}}}},"branchMap":{"0":{"loc":{"start":{"line":84,"column":0},"end":{"line":92,"column":0}},"type":"if","locations":[{"start":{"line":84,"column":0},"end":{"line":92,"column":0}},{"start":{"line":84,"column":0},"end":{"line":92,"column":0}}]},"1":{"loc":{"start":{"line":84,"column":0},"end":{"line":null,"column":-1}},"type":"binary-expr","locations":[{"start":{"line":84,"column":0},"end":{"line":null,"column":-1}},{"start":{"line":84,"column":0},"end":{"line":null,"column":-1}}]},"2":{"loc":{"start":{"line":87,"column":0},"end":{"line":89,"column":0}},"type":"if","locations":[{"start":{"line":87,"column":0},"end":{"line":89,"column":0}},{"start":{"line":87,"column":0},"end":{"line":89,"column":0}}]}},"s":{"0":3,"1":3,"2":3,"3":3,"4":3,"5":2,"6":5,"7":95,"8":3,"9":3},"f":{"0":3,"1":3},"b":{"0":[2,1],"1":[3,3],"2":[3,92]}}
,"C:\\Users\\webistomin\\Desktop\\movie-search-app\\src\\components\\Navigation.vue": {"path":"C:\\Users\\webistomin\\Desktop\\movie-search-app\\src\\components\\Navigation.vue","statementMap":{"0":{"start":{"line":10,"column":0},"end":{"line":null,"column":-1}},"1":{"start":{"line":17,"column":0},"end":{"line":null,"column":-1}},"2":{"start":{"line":20,"column":0},"end":{"line":null,"column":-1}}},"fnMap":{"0":{"name":"getNavigationState","decl":{"start":{"line":16,"column":0},"end":{"line":null,"column":-1}},"loc":{"start":{"line":16,"column":0},"end":{"line":18,"column":0}}},"1":{"name":"getNavigationClass","decl":{"start":{"line":19,"column":0},"end":{"line":null,"column":-1}},"loc":{"start":{"line":19,"column":0},"end":{"line":21,"column":0}}}},"branchMap":{"0":{"loc":{"start":{"line":20,"column":0},"end":{"line":null,"column":-1}},"type":"cond-expr","locations":[{"start":{"line":20,"column":0},"end":{"line":null,"column":-1}},{"start":{"line":20,"column":0},"end":{"line":null,"column":-1}}]}},"s":{"0":2,"1":4,"2":4},"f":{"0":4,"1":4},"b":{"0":[1,3]}}
,"C:\\Users\\webistomin\\Desktop\\movie-search-app\\src\\components\\NavigationList.vue": {"path":"C:\\Users\\webistomin\\Desktop\\movie-search-app\\src\\components\\NavigationList.vue","statementMap":{"0":{"start":{"line":14,"column":0},"end":{"line":null,"column":-1}},"1":{"start":{"line":20,"column":0},"end":{"line":null,"column":-1}}},"fnMap":{"0":{"name":"data","decl":{"start":{"line":19,"column":0},"end":{"line":null,"column":-1}},"loc":{"start":{"line":19,"column":0},"end":{"line":48,"column":0}}}},"branchMap":{},"s":{"0":3,"1":2},"f":{"0":2},"b":{}}
,"C:\\Users\\webistomin\\Desktop\\movie-search-app\\src\\components\\NavigationPage.vue": {"path":"C:\\Users\\webistomin\\Desktop\\movie-search-app\\src\\components\\NavigationPage.vue","statementMap":{"0":{"start":{"line":15,"column":0},"end":{"line":null,"column":-1}},"1":{"start":{"line":16,"column":0},"end":{"line":null,"column":-1}},"2":{"start":{"line":21,"column":0},"end":{"line":null,"column":-1}},"3":{"start":{"line":27,"column":0},"end":{"line":null,"column":-1}},"4":{"start":{"line":28,"column":0},"end":{"line":null,"column":-1}},"5":{"start":{"line":30,"column":0},"end":{"line":33,"column":0}},"6":{"start":{"line":31,"column":0},"end":{"line":null,"column":-1}},"7":{"start":{"line":32,"column":0},"end":{"line":null,"column":-1}},"8":{"start":{"line":34,"column":0},"end":{"line":null,"column":-1}},"9":{"start":{"line":36,"column":0},"end":{"line":44,"column":0}},"10":{"start":{"line":37,"column":0},"end":{"line":null,"column":-1}},"11":{"start":{"line":38,"column":0},"end":{"line":43,"column":0}},"12":{"start":{"line":40,"column":0},"end":{"line":42,"column":0}},"13":{"start":{"line":41,"column":0},"end":{"line":null,"column":-1}},"14":{"start":{"line":45,"column":0},"end":{"line":null,"column":-1}},"15":{"start":{"line":47,"column":0},"end":{"line":50,"column":0}},"16":{"start":{"line":48,"column":0},"end":{"line":null,"column":-1}},"17":{"start":{"line":49,"column":0},"end":{"line":null,"column":-1}},"18":{"start":{"line":51,"column":0},"end":{"line":null,"column":-1}},"19":{"start":{"line":53,"column":0},"end":{"line":56,"column":0}},"20":{"start":{"line":54,"column":0},"end":{"line":null,"column":-1}},"21":{"start":{"line":55,"column":0},"end":{"line":null,"column":-1}},"22":{"start":{"line":57,"column":0},"end":{"line":null,"column":-1}},"23":{"start":{"line":59,"column":0},"end":{"line":62,"column":0}},"24":{"start":{"line":60,"column":0},"end":{"line":null,"column":-1}},"25":{"start":{"line":61,"column":0},"end":{"line":null,"column":-1}},"26":{"start":{"line":63,"column":0},"end":{"line":null,"column":-1}},"27":{"start":{"line":65,"column":0},"end":{"line":67,"column":0}},"28":{"start":{"line":66,"column":0},"end":{"line":null,"column":-1}},"29":{"start":{"line":68,"column":0},"end":{"line":null,"column":-1}},"30":{"start":{"line":70,"column":0},"end":{"line":73,"column":0}},"31":{"start":{"line":71,"column":0},"end":{"line":null,"column":-1}},"32":{"start":{"line":72,"column":0},"end":{"line":null,"column":-1}},"33":{"start":{"line":74,"column":0},"end":{"line":null,"column":-1}},"34":{"start":{"line":79,"column":0},"end":{"line":null,"column":-1}},"35":{"start":{"line":81,"column":0},"end":{"line":null,"column":-1}},"36":{"start":{"line":83,"column":0},"end":{"line":null,"column":-1}},"37":{"start":{"line":85,"column":0},"end":{"line":null,"column":-1}},"38":{"start":{"line":87,"column":0},"end":{"line":null,"column":-1}},"39":{"start":{"line":89,"column":0},"end":{"line":null,"column":-1}},"40":{"start":{"line":91,"column":0},"end":{"line":null,"column":-1}},"41":{"start":{"line":93,"column":0},"end":{"line":null,"column":-1}},"42":{"start":{"line":97,"column":0},"end":{"line":null,"column":-1}},"43":{"start":{"line":100,"column":0},"end":{"line":null,"column":-1}},"44":{"start":{"line":103,"column":0},"end":{"line":null,"column":-1}},"45":{"start":{"line":106,"column":0},"end":{"line":null,"column":-1}},"46":{"start":{"line":109,"column":0},"end":{"line":null,"column":-1}},"47":{"start":{"line":112,"column":0},"end":{"line":null,"column":-1}},"48":{"start":{"line":115,"column":0},"end":{"line":null,"column":-1}},"49":{"start":{"line":118,"column":0},"end":{"line":null,"column":-1}},"50":{"start":{"line":121,"column":0},"end":{"line":null,"column":-1}},"51":{"start":{"line":124,"column":0},"end":{"line":null,"column":-1}},"52":{"start":{"line":127,"column":0},"end":{"line":null,"column":-1}},"53":{"start":{"line":130,"column":0},"end":{"line":null,"column":-1}},"54":{"start":{"line":133,"column":0},"end":{"line":null,"column":-1}},"55":{"start":{"line":137,"column":0},"end":{"line":null,"column":-1}},"56":{"start":{"line":138,"column":0},"end":{"line":null,"column":-1}},"57":{"start":{"line":139,"column":0},"end":{"line":null,"column":-1}},"58":{"start":{"line":141,"column":0},"end":{"line":147,"column":0}},"59":{"start":{"line":142,"column":0},"end":{"line":null,"column":-1}},"60":{"start":{"line":143,"column":0},"end":{"line":146,"column":0}},"61":{"start":{"line":145,"column":0},"end":{"line":null,"column":-1}},"62":{"start":{"line":148,"column":0},"end":{"line":null,"column":-1}},"63":{"start":{"line":150,"column":0},"end":{"line":156,"column":0}},"64":{"start":{"line":151,"column":0},"end":{"line":null,"column":-1}},"65":{"start":{"line":152,"column":0},"end":{"line":155,"column":0}},"66":{"start":{"line":154,"column":0},"end":{"line":null,"column":-1}},"67":{"start":{"line":157,"column":0},"end":{"line":null,"column":-1}},"68":{"start":{"line":159,"column":0},"end":{"line":165,"column":0}},"69":{"start":{"line":160,"column":0},"end":{"line":null,"column":-1}},"70":{"start":{"line":161,"column":0},"end":{"line":164,"column":0}},"71":{"start":{"line":163,"column":0},"end":{"line":null,"column":-1}},"72":{"start":{"line":166,"column":0},"end":{"line":null,"column":-1}},"73":{"start":{"line":168,"column":0},"end":{"line":174,"column":0}},"74":{"start":{"line":169,"column":0},"end":{"line":null,"column":-1}},"75":{"start":{"line":170,"column":0},"end":{"line":173,"column":0}},"76":{"start":{"line":172,"column":0},"end":{"line":null,"column":-1}},"77":{"start":{"line":175,"column":0},"end":{"line":null,"column":-1}},"78":{"start":{"line":177,"column":0},"end":{"line":183,"column":0}},"79":{"start":{"line":178,"column":0},"end":{"line":null,"column":-1}},"80":{"start":{"line":179,"column":0},"end":{"line":182,"column":0}},"81":{"start":{"line":181,"column":0},"end":{"line":null,"column":-1}},"82":{"start":{"line":184,"column":0},"end":{"line":null,"column":-1}},"83":{"start":{"line":186,"column":0},"end":{"line":192,"column":0}},"84":{"start":{"line":187,"column":0},"end":{"line":null,"column":-1}},"85":{"start":{"line":188,"column":0},"end":{"line":191,"column":0}},"86":{"start":{"line":190,"column":0},"end":{"line":null,"column":-1}},"87":{"start":{"line":193,"column":0},"end":{"line":null,"column":-1}},"88":{"start":{"line":195,"column":0},"end":{"line":201,"column":0}},"89":{"start":{"line":196,"column":0},"end":{"line":null,"column":-1}},"90":{"start":{"line":197,"column":0},"end":{"line":200,"column":0}},"91":{"start":{"line":199,"column":0},"end":{"line":null,"column":-1}},"92":{"start":{"line":202,"column":0},"end":{"line":null,"column":-1}}},"fnMap":{"0":{"name":"data","decl":{"start":{"line":20,"column":0},"end":{"line":null,"column":-1}},"loc":{"start":{"line":20,"column":0},"end":{"line":24,"column":0}}},"1":{"name":"created","decl":{"start":{"line":27,"column":0},"end":{"line":null,"column":-1}},"loc":{"start":{"line":27,"column":0},"end":{"line":76,"column":0}}},"2":{"name":"(anonymous_4)","decl":{"start":{"line":38,"column":0},"end":{"line":null,"column":-1}},"loc":{"start":{"line":38,"column":0},"end":{"line":43,"column":0}}},"3":{"name":"getMoviesForCurrentRoute","decl":{"start":{"line":78,"column":0},"end":{"line":null,"column":-1}},"loc":{"start":{"line":78,"column":0},"end":{"line":95,"column":0}}},"4":{"name":"getLoadingState","decl":{"start":{"line":96,"column":0},"end":{"line":null,"column":-1}},"loc":{"start":{"line":96,"column":0},"end":{"line":98,"column":0}}},"5":{"name":"getFavoriteCurrentPage","decl":{"start":{"line":99,"column":0},"end":{"line":null,"column":-1}},"loc":{"start":{"line":99,"column":0},"end":{"line":101,"column":0}}},"6":{"name":"getFavoriteTotalPages","decl":{"start":{"line":102,"column":0},"end":{"line":null,"column":-1}},"loc":{"start":{"line":102,"column":0},"end":{"line":104,"column":0}}},"7":{"name":"getNowPlayingCurrentPage","decl":{"start":{"line":105,"column":0},"end":{"line":null,"column":-1}},"loc":{"start":{"line":105,"column":0},"end":{"line":107,"column":0}}},"8":{"name":"getNowPlayingTotalPages","decl":{"start":{"line":108,"column":0},"end":{"line":null,"column":-1}},"loc":{"start":{"line":108,"column":0},"end":{"line":110,"column":0}}},"9":{"name":"getPopularCurrentPage","decl":{"start":{"line":111,"column":0},"end":{"line":null,"column":-1}},"loc":{"start":{"line":111,"column":0},"end":{"line":113,"column":0}}},"10":{"name":"getPopularTotalPages","decl":{"start":{"line":114,"column":0},"end":{"line":null,"column":-1}},"loc":{"start":{"line":114,"column":0},"end":{"line":116,"column":0}}},"11":{"name":"getTopRatedCurrentPage","decl":{"start":{"line":117,"column":0},"end":{"line":null,"column":-1}},"loc":{"start":{"line":117,"column":0},"end":{"line":119,"column":0}}},"12":{"name":"getTopRatedTotalPages","decl":{"start":{"line":120,"column":0},"end":{"line":null,"column":-1}},"loc":{"start":{"line":120,"column":0},"end":{"line":122,"column":0}}},"13":{"name":"getUpcomingCurrentPage","decl":{"start":{"line":123,"column":0},"end":{"line":null,"column":-1}},"loc":{"start":{"line":123,"column":0},"end":{"line":125,"column":0}}},"14":{"name":"getUpcomingTotalPages","decl":{"start":{"line":126,"column":0},"end":{"line":null,"column":-1}},"loc":{"start":{"line":126,"column":0},"end":{"line":128,"column":0}}},"15":{"name":"getSearchCurrentPage","decl":{"start":{"line":129,"column":0},"end":{"line":null,"column":-1}},"loc":{"start":{"line":129,"column":0},"end":{"line":131,"column":0}}},"16":{"name":"getSearchTotalPages","decl":{"start":{"line":132,"column":0},"end":{"line":null,"column":-1}},"loc":{"start":{"line":132,"column":0},"end":{"line":134,"column":0}}},"17":{"name":"fetchMoreMovies","decl":{"start":{"line":137,"column":0},"end":{"line":null,"column":-1}},"loc":{"start":{"line":137,"column":0},"end":{"line":204,"column":0}}},"18":{"name":"(anonymous_20)","decl":{"start":{"line":143,"column":0},"end":{"line":null,"column":-1}},"loc":{"start":{"line":143,"column":0},"end":{"line":146,"column":0}}},"19":{"name":"(anonymous_21)","decl":{"start":{"line":152,"column":0},"end":{"line":null,"column":-1}},"loc":{"start":{"line":152,"column":0},"end":{"line":155,"column":0}}},"20":{"name":"(anonymous_22)","decl":{"start":{"line":161,"column":0},"end":{"line":null,"column":-1}},"loc":{"start":{"line":161,"column":0},"end":{"line":164,"column":0}}},"21":{"name":"(anonymous_23)","decl":{"start":{"line":170,"column":0},"end":{"line":null,"column":-1}},"loc":{"start":{"line":170,"column":0},"end":{"line":173,"column":0}}},"22":{"name":"(anonymous_24)","decl":{"start":{"line":179,"column":0},"end":{"line":null,"column":-1}},"loc":{"start":{"line":179,"column":0},"end":{"line":182,"column":0}}},"23":{"name":"(anonymous_25)","decl":{"start":{"line":188,"column":0},"end":{"line":null,"column":-1}},"loc":{"start":{"line":188,"column":0},"end":{"line":191,"column":0}}},"24":{"name":"(anonymous_26)","decl":{"start":{"line":197,"column":0},"end":{"line":null,"column":-1}},"loc":{"start":{"line":197,"column":0},"end":{"line":200,"column":0}}}},"branchMap":{"0":{"loc":{"start":{"line":29,"column":0},"end":{"line":34,"column":0}},"type":"switch","locations":[{"start":{"line":29,"column":0},"end":{"line":34,"column":0}},{"start":{"line":35,"column":0},"end":{"line":45,"column":0}},{"start":{"line":46,"column":0},"end":{"line":51,"column":0}},{"start":{"line":52,"column":0},"end":{"line":57,"column":0}},{"start":{"line":58,"column":0},"end":{"line":63,"column":0}},{"start":{"line":64,"column":0},"end":{"line":68,"column":0}},{"start":{"line":69,"column":0},"end":{"line":74,"column":0}}]},"1":{"loc":{"start":{"line":30,"column":0},"end":{"line":33,"column":0}},"type":"if","locations":[{"start":{"line":30,"column":0},"end":{"line":33,"column":0}},{"start":{"line":30,"column":0},"end":{"line":33,"column":0}}]},"2":{"loc":{"start":{"line":36,"column":0},"end":{"line":44,"column":0}},"type":"if","locations":[{"start":{"line":36,"column":0},"end":{"line":44,"column":0}},{"start":{"line":36,"column":0},"end":{"line":44,"column":0}}]},"3":{"loc":{"start":{"line":40,"column":0},"end":{"line":42,"column":0}},"type":"if","locations":[{"start":{"line":40,"column":0},"end":{"line":42,"column":0}},{"start":{"line":40,"column":0},"end":{"line":42,"column":0}}]},"4":{"loc":{"start":{"line":47,"column":0},"end":{"line":50,"column":0}},"type":"if","locations":[{"start":{"line":47,"column":0},"end":{"line":50,"column":0}},{"start":{"line":47,"column":0},"end":{"line":50,"column":0}}]},"5":{"loc":{"start":{"line":53,"column":0},"end":{"line":56,"column":0}},"type":"if","locations":[{"start":{"line":53,"column":0},"end":{"line":56,"column":0}},{"start":{"line":53,"column":0},"end":{"line":56,"column":0}}]},"6":{"loc":{"start":{"line":59,"column":0},"end":{"line":62,"column":0}},"type":"if","locations":[{"start":{"line":59,"column":0},"end":{"line":62,"column":0}},{"start":{"line":59,"column":0},"end":{"line":62,"column":0}}]},"7":{"loc":{"start":{"line":65,"column":0},"end":{"line":67,"column":0}},"type":"if","locations":[{"start":{"line":65,"column":0},"end":{"line":67,"column":0}},{"start":{"line":65,"column":0},"end":{"line":67,"column":0}}]},"8":{"loc":{"start":{"line":70,"column":0},"end":{"line":73,"column":0}},"type":"if","locations":[{"start":{"line":70,"column":0},"end":{"line":73,"column":0}},{"start":{"line":70,"column":0},"end":{"line":73,"column":0}}]},"9":{"loc":{"start":{"line":80,"column":0},"end":{"line":81,"column":0}},"type":"switch","locations":[{"start":{"line":80,"column":0},"end":{"line":81,"column":0}},{"start":{"line":82,"column":0},"end":{"line":83,"column":0}},{"start":{"line":84,"column":0},"end":{"line":85,"column":0}},{"start":{"line":86,"column":0},"end":{"line":87,"column":0}},{"start":{"line":88,"column":0},"end":{"line":89,"column":0}},{"start":{"line":90,"column":0},"end":{"line":91,"column":0}},{"start":{"line":92,"column":0},"end":{"line":93,"column":0}}]},"10":{"loc":{"start":{"line":140,"column":0},"end":{"line":148,"column":0}},"type":"switch","locations":[{"start":{"line":140,"column":0},"end":{"line":148,"column":0}},{"start":{"line":149,"column":0},"end":{"line":157,"column":0}},{"start":{"line":158,"column":0},"end":{"line":166,"column":0}},{"start":{"line":167,"column":0},"end":{"line":175,"column":0}},{"start":{"line":176,"column":0},"end":{"line":184,"column":0}},{"start":{"line":185,"column":0},"end":{"line":193,"column":0}},{"start":{"line":194,"column":0},"end":{"line":202,"column":0}}]},"11":{"loc":{"start":{"line":141,"column":0},"end":{"line":147,"column":0}},"type":"if","locations":[{"start":{"line":141,"column":0},"end":{"line":147,"column":0}},{"start":{"line":141,"column":0},"end":{"line":147,"column":0}}]},"12":{"loc":{"start":{"line":150,"column":0},"end":{"line":156,"column":0}},"type":"if","locations":[{"start":{"line":150,"column":0},"end":{"line":156,"column":0}},{"start":{"line":150,"column":0},"end":{"line":156,"column":0}}]},"13":{"loc":{"start":{"line":159,"column":0},"end":{"line":165,"column":0}},"type":"if","locations":[{"start":{"line":159,"column":0},"end":{"line":165,"column":0}},{"start":{"line":159,"column":0},"end":{"line":165,"column":0}}]},"14":{"loc":{"start":{"line":168,"column":0},"end":{"line":174,"column":0}},"type":"if","locations":[{"start":{"line":168,"column":0},"end":{"line":174,"column":0}},{"start":{"line":168,"column":0},"end":{"line":174,"column":0}}]},"15":{"loc":{"start":{"line":177,"column":0},"end":{"line":183,"column":0}},"type":"if","locations":[{"start":{"line":177,"column":0},"end":{"line":183,"column":0}},{"start":{"line":177,"column":0},"end":{"line":183,"column":0}}]},"16":{"loc":{"start":{"line":186,"column":0},"end":{"line":192,"column":0}},"type":"if","locations":[{"start":{"line":186,"column":0},"end":{"line":192,"column":0}},{"start":{"line":186,"column":0},"end":{"line":192,"column":0}}]},"17":{"loc":{"start":{"line":195,"column":0},"end":{"line":201,"column":0}},"type":"if","locations":[{"start":{"line":195,"column":0},"end":{"line":201,"column":0}},{"start":{"line":195,"column":0},"end":{"line":201,"column":0}}]}},"s":{"0":9,"1":9,"2":0,"3":0,"4":0,"5":0,"6":0,"7":0,"8":0,"9":0,"10":0,"11":0,"12":0,"13":0,"14":0,"15":0,"16":0,"17":0,"18":0,"19":0,"20":0,"21":0,"22":0,"23":0,"24":0,"25":0,"26":0,"27":0,"28":0,"29":0,"30":0,"31":0,"32":0,"33":0,"34":0,"35":0,"36":0,"37":0,"38":0,"39":0,"40":0,"41":0,"42":0,"43":0,"44":0,"45":0,"46":0,"47":0,"48":0,"49":0,"50":0,"51":0,"52":0,"53":0,"54":0,"55":0,"56":0,"57":0,"58":0,"59":0,"60":0,"61":0,"62":0,"63":0,"64":0,"65":0,"66":0,"67":0,"68":0,"69":0,"70":0,"71":0,"72":0,"73":0,"74":0,"75":0,"76":0,"77":0,"78":0,"79":0,"80":0,"81":0,"82":0,"83":0,"84":0,"85":0,"86":0,"87":0,"88":0,"89":0,"90":0,"91":0,"92":0},"f":{"0":0,"1":0,"2":0,"3":0,"4":0,"5":0,"6":0,"7":0,"8":0,"9":0,"10":0,"11":0,"12":0,"13":0,"14":0,"15":0,"16":0,"17":0,"18":0,"19":0,"20":0,"21":0,"22":0,"23":0,"24":0},"b":{"0":[0,0,0,0,0,0,0],"1":[0,0],"2":[0,0],"3":[0,0],"4":[0,0],"5":[0,0],"6":[0,0],"7":[0,0],"8":[0,0],"9":[0,0,0,0,0,0,0],"10":[0,0,0,0,0,0,0],"11":[0,0],"12":[0,0],"13":[0,0],"14":[0,0],"15":[0,0],"16":[0,0],"17":[0,0]}}
,"C:\\Users\\webistomin\\Desktop\\movie-search-app\\src\\components\\PageContent.vue": {"path":"C:\\Users\\webistomin\\Desktop\\movie-search-app\\src\\components\\PageContent.vue","statementMap":{"0":{"start":{"line":18,"column":0},"end":{"line":null,"column":-1}},"1":{"start":{"line":19,"column":0},"end":{"line":null,"column":-1}},"2":{"start":{"line":20,"column":0},"end":{"line":null,"column":-1}},"3":{"start":{"line":21,"column":0},"end":{"line":null,"column":-1}},"4":{"start":{"line":22,"column":0},"end":{"line":null,"column":-1}},"5":{"start":{"line":23,"column":0},"end":{"line":null,"column":-1}},"6":{"start":{"line":28,"column":0},"end":{"line":null,"column":-1}},"7":{"start":{"line":36,"column":0},"end":{"line":null,"column":-1}},"8":{"start":{"line":39,"column":0},"end":{"line":null,"column":-1}},"9":{"start":{"line":42,"column":0},"end":{"line":null,"column":-1}},"10":{"start":{"line":46,"column":0},"end":{"line":null,"column":-1}},"11":{"start":{"line":47,"column":0},"end":{"line":null,"column":-1}},"12":{"start":{"line":48,"column":0},"end":{"line":null,"column":-1}},"13":{"start":{"line":49,"column":0},"end":{"line":51,"column":0}},"14":{"start":{"line":50,"column":0},"end":{"line":null,"column":-1}}},"fnMap":{"0":{"name":"data","decl":{"start":{"line":27,"column":0},"end":{"line":null,"column":-1}},"loc":{"start":{"line":27,"column":0},"end":{"line":32,"column":0}}},"1":{"name":"isNoScroll","decl":{"start":{"line":35,"column":0},"end":{"line":null,"column":-1}},"loc":{"start":{"line":35,"column":0},"end":{"line":37,"column":0}}},"2":{"name":"getLoadingState","decl":{"start":{"line":38,"column":0},"end":{"line":null,"column":-1}},"loc":{"start":{"line":38,"column":0},"end":{"line":40,"column":0}}},"3":{"name":"getMessage","decl":{"start":{"line":41,"column":0},"end":{"line":null,"column":-1}},"loc":{"start":{"line":41,"column":0},"end":{"line":43,"column":0}}},"4":{"name":"onScrolling","decl":{"start":{"line":46,"column":0},"end":{"line":null,"column":-1}},"loc":{"start":{"line":46,"column":0},"end":{"line":52,"column":0}}},"5":{"name":"(anonymous_7)","decl":{"start":{"line":49,"column":0},"end":{"line":null,"column":-1}},"loc":{"start":{"line":49,"column":0},"end":{"line":51,"column":0}}}},"branchMap":{},"s":{"0":1,"1":1,"2":1,"3":1,"4":1,"5":1,"6":0,"7":0,"8":0,"9":0,"10":0,"11":0,"12":0,"13":0,"14":0},"f":{"0":0,"1":0,"2":0,"3":0,"4":0,"5":0},"b":{}}
,"C:\\Users\\webistomin\\Desktop\\movie-search-app\\src\\components\\Socials.vue": {"path":"C:\\Users\\webistomin\\Desktop\\movie-search-app\\src\\components\\Socials.vue","statementMap":{"0":{"start":{"line":19,"column":0},"end":{"line":null,"column":-1}},"1":{"start":{"line":20,"column":0},"end":{"line":null,"column":-1}},"2":{"start":{"line":27,"column":0},"end":{"line":null,"column":-1}},"3":{"start":{"line":30,"column":0},"end":{"line":null,"column":-1}},"4":{"start":{"line":33,"column":0},"end":{"line":null,"column":-1}},"5":{"start":{"line":36,"column":0},"end":{"line":null,"column":-1}},"6":{"start":{"line":39,"column":0},"end":{"line":null,"column":-1}},"7":{"start":{"line":42,"column":0},"end":{"line":null,"column":-1}}},"fnMap":{"0":{"name":"isTwitterPostsVisible","decl":{"start":{"line":26,"column":0},"end":{"line":null,"column":-1}},"loc":{"start":{"line":26,"column":0},"end":{"line":28,"column":0}}},"1":{"name":"isSocialsVisible","decl":{"start":{"line":29,"column":0},"end":{"line":null,"column":-1}},"loc":{"start":{"line":29,"column":0},"end":{"line":31,"column":0}}},"2":{"name":"getPageTitle","decl":{"start":{"line":32,"column":0},"end":{"line":null,"column":-1}},"loc":{"start":{"line":32,"column":0},"end":{"line":34,"column":0}}},"3":{"name":"getMovieReviews","decl":{"start":{"line":35,"column":0},"end":{"line":null,"column":-1}},"loc":{"start":{"line":35,"column":0},"end":{"line":37,"column":0}}},"4":{"name":"getLoadingState","decl":{"start":{"line":38,"column":0},"end":{"line":null,"column":-1}},"loc":{"start":{"line":38,"column":0},"end":{"line":40,"column":0}}},"5":{"name":"getTweets","decl":{"start":{"line":41,"column":0},"end":{"line":null,"column":-1}},"loc":{"start":{"line":41,"column":0},"end":{"line":43,"column":0}}}},"branchMap":{"0":{"loc":{"start":{"line":27,"column":0},"end":{"line":null,"column":-1}},"type":"binary-expr","locations":[{"start":{"line":27,"column":0},"end":{"line":null,"column":-1}},{"start":{"line":27,"column":0},"end":{"line":null,"column":-1}}]},"1":{"loc":{"start":{"line":30,"column":0},"end":{"line":null,"column":-1}},"type":"binary-expr","locations":[{"start":{"line":30,"column":0},"end":{"line":null,"column":-1}},{"start":{"line":30,"column":0},"end":{"line":null,"column":-1}},{"start":{"line":30,"column":0},"end":{"line":null,"column":-1}}]},"2":{"loc":{"start":{"line":33,"column":0},"end":{"line":null,"column":-1}},"type":"cond-expr","locations":[{"start":{"line":33,"column":0},"end":{"line":null,"column":-1}},{"start":{"line":33,"column":0},"end":{"line":null,"column":-1}}]}},"s":{"0":1,"1":1,"2":0,"3":0,"4":0,"5":0,"6":0,"7":0},"f":{"0":0,"1":0,"2":0,"3":0,"4":0,"5":0},"b":{"0":[0,0],"1":[0,0,0],"2":[0,0]}}
,"C:\\Users\\webistomin\\Desktop\\movie-search-app\\src\\components\\SocialsList.vue": {"path":"C:\\Users\\webistomin\\Desktop\\movie-search-app\\src\\components\\SocialsList.vue","statementMap":{"0":{"start":{"line":14,"column":0},"end":{"line":null,"column":-1}},"1":{"start":{"line":26,"column":0},"end":{"line":null,"column":-1}},"2":{"start":{"line":29,"column":0},"end":{"line":null,"column":-1}}},"fnMap":{"0":{"name":"isListVisible","decl":{"start":{"line":25,"column":0},"end":{"line":null,"column":-1}},"loc":{"start":{"line":25,"column":0},"end":{"line":27,"column":0}}},"1":{"name":"getLoadingState","decl":{"start":{"line":28,"column":0},"end":{"line":null,"column":-1}},"loc":{"start":{"line":28,"column":0},"end":{"line":30,"column":0}}}},"branchMap":{"0":{"loc":{"start":{"line":26,"column":0},"end":{"line":null,"column":-1}},"type":"binary-expr","locations":[{"start":{"line":26,"column":0},"end":{"line":null,"column":-1}},{"start":{"line":26,"column":0},"end":{"line":null,"column":-1}},{"start":{"line":26,"column":0},"end":{"line":null,"column":-1}}]}},"s":{"0":1,"1":0,"2":0},"f":{"0":0,"1":0},"b":{"0":[0,0,0]}}
,"C:\\Users\\webistomin\\Desktop\\movie-search-app\\src\\components\\TwitterList.vue": {"path":"C:\\Users\\webistomin\\Desktop\\movie-search-app\\src\\components\\TwitterList.vue","statementMap":{"0":{"start":{"line":11,"column":0},"end":{"line":null,"column":-1}}},"fnMap":{},"branchMap":{},"s":{"0":1},"f":{},"b":{}}
,"C:\\Users\\webistomin\\Desktop\\movie-search-app\\src\\router\\index.js": {"path":"C:\\Users\\webistomin\\Desktop\\movie-search-app\\src\\router\\index.js","statementMap":{"0":{"start":{"line":9,"column":0},"end":{"line":9,"column":16}},"1":{"start":{"line":11,"column":15},"end":{"line":99,"column":2}},"2":{"start":{"line":76,"column":28},"end":{"line":76,"column":56}},"3":{"start":{"line":77,"column":8},"end":{"line":79,"column":9}},"4":{"start":{"line":78,"column":10},"end":{"line":78,"column":20}},"5":{"start":{"line":80,"column":8},"end":{"line":80,"column":15}},"6":{"start":{"line":91,"column":8},"end":{"line":93,"column":9}},"7":{"start":{"line":92,"column":10},"end":{"line":92,"column":20}},"8":{"start":{"line":94,"column":8},"end":{"line":94,"column":15}},"9":{"start":{"line":101,"column":0},"end":{"line":106,"column":3}},"10":{"start":{"line":102,"column":2},"end":{"line":104,"column":3}},"11":{"start":{"line":103,"column":4},"end":{"line":103,"column":63}},"12":{"start":{"line":105,"column":2},"end":{"line":105,"column":9}}},"fnMap":{"0":{"name":"(anonymous_0)","decl":{"start":{"line":101,"column":18},"end":{"line":101,"column":19}},"loc":{"start":{"line":101,"column":38},"end":{"line":106,"column":1}},"line":101}},"branchMap":{"0":{"loc":{"start":{"line":77,"column":8},"end":{"line":79,"column":9}},"type":"if","locations":[{"start":{"line":77,"column":8},"end":{"line":79,"column":9}},{"start":{"line":77,"column":8},"end":{"line":79,"column":9}}],"line":77},"1":{"loc":{"start":{"line":91,"column":8},"end":{"line":93,"column":9}},"type":"if","locations":[{"start":{"line":91,"column":8},"end":{"line":93,"column":9}},{"start":{"line":91,"column":8},"end":{"line":93,"column":9}}],"line":91},"2":{"loc":{"start":{"line":102,"column":2},"end":{"line":104,"column":3}},"type":"if","locations":[{"start":{"line":102,"column":2},"end":{"line":104,"column":3}},{"start":{"line":102,"column":2},"end":{"line":104,"column":3}}],"line":102}},"s":{"0":9,"1":9,"2":1,"3":1,"4":1,"5":1,"6":0,"7":0,"8":0,"9":9,"10":11,"11":11,"12":11},"f":{"0":11},"b":{"0":[1,0],"1":[0,0],"2":[11,0]},"_coverageSchema":"332fd63041d2c1bcb487cc26dd0d5f7d97098a6c","hash":"9c0c10adc0c892f8740a1d84270d69248b887f49"}
,"C:\\Users\\webistomin\\Desktop\\movie-search-app\\src\\store\\index.js": {"path":"C:\\Users\\webistomin\\Desktop\\movie-search-app\\src\\store\\index.js","statementMap":{"0":{"start":{"line":13,"column":0},"end":{"line":13,"column":14}},"1":{"start":{"line":15,"column":14},"end":{"line":32,"column":2}}},"fnMap":{},"branchMap":{},"s":{"0":9,"1":9},"f":{},"b":{},"_coverageSchema":"332fd63041d2c1bcb487cc26dd0d5f7d97098a6c","hash":"9e3ffd85a102552633da58920c9d2c88abacca68"}
,"C:\\Users\\webistomin\\Desktop\\movie-search-app\\src\\store\\moviePage.js": {"path":"C:\\Users\\webistomin\\Desktop\\movie-search-app\\src\\store\\moviePage.js","statementMap":{"0":{"start":{"line":14,"column":6},"end":{"line":14,"column":35}},"1":{"start":{"line":17,"column":6},"end":{"line":17,"column":34}},"2":{"start":{"line":20,"column":6},"end":{"line":20,"column":36}},"3":{"start":{"line":23,"column":6},"end":{"line":23,"column":40}},"4":{"start":{"line":26,"column":6},"end":{"line":26,"column":35}},"5":{"start":{"line":29,"column":6},"end":{"line":29,"column":35}},"6":{"start":{"line":34,"column":6},"end":{"line":41,"column":11}},"7":{"start":{"line":37,"column":10},"end":{"line":37,"column":51}},"8":{"start":{"line":40,"column":10},"end":{"line":40,"column":51}},"9":{"start":{"line":44,"column":6},"end":{"line":51,"column":11}},"10":{"start":{"line":47,"column":10},"end":{"line":47,"column":58}},"11":{"start":{"line":50,"column":10},"end":{"line":50,"column":51}},"12":{"start":{"line":54,"column":6},"end":{"line":62,"column":11}},"13":{"start":{"line":58,"column":10},"end":{"line":58,"column":60}},"14":{"start":{"line":61,"column":10},"end":{"line":61,"column":51}},"15":{"start":{"line":65,"column":6},"end":{"line":73,"column":11}},"16":{"start":{"line":69,"column":10},"end":{"line":69,"column":64}},"17":{"start":{"line":72,"column":10},"end":{"line":72,"column":51}},"18":{"start":{"line":76,"column":6},"end":{"line":83,"column":11}},"19":{"start":{"line":79,"column":10},"end":{"line":79,"column":51}},"20":{"start":{"line":82,"column":10},"end":{"line":82,"column":51}},"21":{"start":{"line":86,"column":6},"end":{"line":93,"column":11}},"22":{"start":{"line":89,"column":10},"end":{"line":89,"column":59}},"23":{"start":{"line":92,"column":10},"end":{"line":92,"column":51}},"24":{"start":{"line":98,"column":6},"end":{"line":98,"column":32}},"25":{"start":{"line":101,"column":6},"end":{"line":101,"column":31}},"26":{"start":{"line":104,"column":6},"end":{"line":104,"column":33}},"27":{"start":{"line":107,"column":6},"end":{"line":107,"column":37}},"28":{"start":{"line":110,"column":6},"end":{"line":110,"column":32}},"29":{"start":{"line":113,"column":6},"end":{"line":113,"column":32}}},"fnMap":{"0":{"name":"(anonymous_0)","decl":{"start":{"line":36,"column":14},"end":{"line":36,"column":15}},"loc":{"start":{"line":36,"column":28},"end":{"line":38,"column":9}},"line":36},"1":{"name":"(anonymous_1)","decl":{"start":{"line":39,"column":15},"end":{"line":39,"column":16}},"loc":{"start":{"line":39,"column":26},"end":{"line":41,"column":9}},"line":39},"2":{"name":"(anonymous_2)","decl":{"start":{"line":46,"column":14},"end":{"line":46,"column":15}},"loc":{"start":{"line":46,"column":28},"end":{"line":48,"column":9}},"line":46},"3":{"name":"(anonymous_3)","decl":{"start":{"line":49,"column":15},"end":{"line":49,"column":16}},"loc":{"start":{"line":49,"column":26},"end":{"line":51,"column":9}},"line":49},"4":{"name":"(anonymous_4)","decl":{"start":{"line":57,"column":14},"end":{"line":57,"column":15}},"loc":{"start":{"line":57,"column":28},"end":{"line":59,"column":9}},"line":57},"5":{"name":"(anonymous_5)","decl":{"start":{"line":60,"column":15},"end":{"line":60,"column":16}},"loc":{"start":{"line":60,"column":26},"end":{"line":62,"column":9}},"line":60},"6":{"name":"(anonymous_6)","decl":{"start":{"line":68,"column":14},"end":{"line":68,"column":15}},"loc":{"start":{"line":68,"column":28},"end":{"line":70,"column":9}},"line":68},"7":{"name":"(anonymous_7)","decl":{"start":{"line":71,"column":15},"end":{"line":71,"column":16}},"loc":{"start":{"line":71,"column":26},"end":{"line":73,"column":9}},"line":71},"8":{"name":"(anonymous_8)","decl":{"start":{"line":78,"column":14},"end":{"line":78,"column":15}},"loc":{"start":{"line":78,"column":28},"end":{"line":80,"column":9}},"line":78},"9":{"name":"(anonymous_9)","decl":{"start":{"line":81,"column":15},"end":{"line":81,"column":16}},"loc":{"start":{"line":81,"column":26},"end":{"line":83,"column":9}},"line":81},"10":{"name":"(anonymous_10)","decl":{"start":{"line":88,"column":14},"end":{"line":88,"column":15}},"loc":{"start":{"line":88,"column":28},"end":{"line":90,"column":9}},"line":88},"11":{"name":"(anonymous_11)","decl":{"start":{"line":91,"column":15},"end":{"line":91,"column":16}},"loc":{"start":{"line":91,"column":26},"end":{"line":93,"column":9}},"line":91}},"branchMap":{},"s":{"0":0,"1":0,"2":0,"3":0,"4":0,"5":0,"6":0,"7":0,"8":0,"9":0,"10":0,"11":0,"12":0,"13":0,"14":0,"15":0,"16":0,"17":0,"18":0,"19":0,"20":0,"21":0,"22":0,"23":0,"24":0,"25":0,"26":0,"27":0,"28":0,"29":0},"f":{"0":0,"1":0,"2":0,"3":0,"4":0,"5":0,"6":0,"7":0,"8":0,"9":0,"10":0,"11":0},"b":{},"_coverageSchema":"332fd63041d2c1bcb487cc26dd0d5f7d97098a6c","hash":"a0e5b41a2778c1ce6b38270fa5286b5c1df8d572"}
,"C:\\Users\\webistomin\\Desktop\\movie-search-app\\src\\store\\mutations.js": {"path":"C:\\Users\\webistomin\\Desktop\\movie-search-app\\src\\store\\mutations.js","statementMap":{"0":{"start":{"line":3,"column":4},"end":{"line":null,"column":-1}},"1":{"start":{"line":6,"column":4},"end":{"line":null,"column":-1}},"2":{"start":{"line":9,"column":4},"end":{"line":null,"column":-1}},"3":{"start":{"line":12,"column":4},"end":{"line":null,"column":-1}}},"fnMap":{"0":{"name":"setGenresList","decl":{"start":{"line":1,"column":15},"end":{"line":2,"column":15}},"loc":{"start":{"line":2,"column":32},"end":{"line":1,"column":15}}},"1":{"name":"setRequestToken","decl":{"start":{"line":1,"column":15},"end":{"line":5,"column":17}},"loc":{"start":{"line":5,"column":34},"end":{"line":1,"column":15}}},"2":{"name":"setAuthorizeState","decl":{"start":{"line":1,"column":15},"end":{"line":8,"column":19}},"loc":{"start":{"line":8,"column":36},"end":{"line":1,"column":15}}},"3":{"name":"setSessionId","decl":{"start":{"line":1,"column":15},"end":{"line":11,"column":14}},"loc":{"start":{"line":11,"column":31},"end":{"line":13,"column":3}}}},"branchMap":{},"s":{"0":0,"1":0,"2":0,"3":0},"f":{"0":0,"1":0,"2":0,"3":0},"b":{}}
,"C:\\Users\\webistomin\\Desktop\\movie-search-app\\src\\store\\nowPlayingMovies.js": {"path":"C:\\Users\\webistomin\\Desktop\\movie-search-app\\src\\store\\nowPlayingMovies.js","statementMap":{"0":{"start":{"line":11,"column":6},"end":{"line":11,"column":70}},"1":{"start":{"line":14,"column":6},"end":{"line":14,"column":29}},"2":{"start":{"line":17,"column":6},"end":{"line":17,"column":33}},"3":{"start":{"line":22,"column":6},"end":{"line":31,"column":11}},"4":{"start":{"line":25,"column":10},"end":{"line":25,"column":63}},"5":{"start":{"line":26,"column":10},"end":{"line":26,"column":71}},"6":{"start":{"line":27,"column":10},"end":{"line":27,"column":43}},"7":{"start":{"line":30,"column":10},"end":{"line":30,"column":51}},"8":{"start":{"line":36,"column":6},"end":{"line":36,"column":36}},"9":{"start":{"line":39,"column":6},"end":{"line":39,"column":30}},"10":{"start":{"line":42,"column":6},"end":{"line":42,"column":31}}},"fnMap":{"0":{"name":"(anonymous_0)","decl":{"start":{"line":24,"column":14},"end":{"line":24,"column":15}},"loc":{"start":{"line":24,"column":28},"end":{"line":28,"column":9}},"line":24},"1":{"name":"(anonymous_1)","decl":{"start":{"line":29,"column":15},"end":{"line":29,"column":16}},"loc":{"start":{"line":29,"column":26},"end":{"line":31,"column":9}},"line":29}},"branchMap":{},"s":{"0":0,"1":0,"2":0,"3":0,"4":0,"5":0,"6":0,"7":0,"8":0,"9":0,"10":0},"f":{"0":0,"1":0},"b":{},"_coverageSchema":"332fd63041d2c1bcb487cc26dd0d5f7d97098a6c","hash":"030431a74d34ad677d378ca9fbfc8029f3fe9b6a"}
,"C:\\Users\\webistomin\\Desktop\\movie-search-app\\src\\store\\popularMovies.js": {"path":"C:\\Users\\webistomin\\Desktop\\movie-search-app\\src\\store\\popularMovies.js","statementMap":{"0":{"start":{"line":11,"column":6},"end":{"line":11,"column":64}},"1":{"start":{"line":14,"column":6},"end":{"line":14,"column":29}},"2":{"start":{"line":17,"column":6},"end":{"line":17,"column":33}},"3":{"start":{"line":22,"column":6},"end":{"line":30,"column":11}},"4":{"start":{"line":25,"column":10},"end":{"line":25,"column":60}},"5":{"start":{"line":26,"column":10},"end":{"line":26,"column":68}},"6":{"start":{"line":29,"column":10},"end":{"line":29,"column":51}},"7":{"start":{"line":35,"column":6},"end":{"line":35,"column":33}},"8":{"start":{"line":38,"column":6},"end":{"line":38,"column":30}},"9":{"start":{"line":41,"column":6},"end":{"line":41,"column":31}}},"fnMap":{"0":{"name":"(anonymous_0)","decl":{"start":{"line":24,"column":14},"end":{"line":24,"column":15}},"loc":{"start":{"line":24,"column":28},"end":{"line":27,"column":9}},"line":24},"1":{"name":"(anonymous_1)","decl":{"start":{"line":28,"column":15},"end":{"line":28,"column":16}},"loc":{"start":{"line":28,"column":26},"end":{"line":30,"column":9}},"line":28}},"branchMap":{},"s":{"0":0,"1":0,"2":0,"3":0,"4":0,"5":0,"6":0,"7":0,"8":0,"9":0},"f":{"0":0,"1":0},"b":{},"_coverageSchema":"332fd63041d2c1bcb487cc26dd0d5f7d97098a6c","hash":"5dd182ce288933cd9db13c15bc6d7bc7c480d5da"}
,"C:\\Users\\webistomin\\Desktop\\movie-search-app\\src\\store\\searchMovies.js": {"path":"C:\\Users\\webistomin\\Desktop\\movie-search-app\\src\\store\\searchMovies.js","statementMap":{"0":{"start":{"line":12,"column":6},"end":{"line":12,"column":34}},"1":{"start":{"line":15,"column":6},"end":{"line":15,"column":29}},"2":{"start":{"line":18,"column":6},"end":{"line":18,"column":33}},"3":{"start":{"line":21,"column":6},"end":{"line":25,"column":7}},"4":{"start":{"line":22,"column":8},"end":{"line":22,"column":71}},"5":{"start":{"line":24,"column":8},"end":{"line":24,"column":44}},"6":{"start":{"line":30,"column":6},"end":{"line":47,"column":7}},"7":{"start":{"line":31,"column":8},"end":{"line":31,"column":40}},"8":{"start":{"line":32,"column":29},"end":{"line":32,"column":57}},"9":{"start":{"line":33,"column":8},"end":{"line":46,"column":13}},"10":{"start":{"line":36,"column":12},"end":{"line":39,"column":15}},"11":{"start":{"line":40,"column":12},"end":{"line":40,"column":69}},"12":{"start":{"line":41,"column":12},"end":{"line":41,"column":45}},"13":{"start":{"line":44,"column":12},"end":{"line":44,"column":53}},"14":{"start":{"line":45,"column":12},"end":{"line":45,"column":45}},"15":{"start":{"line":52,"column":6},"end":{"line":52,"column":31}},"16":{"start":{"line":55,"column":6},"end":{"line":55,"column":31}},"17":{"start":{"line":58,"column":6},"end":{"line":58,"column":30}},"18":{"start":{"line":61,"column":6},"end":{"line":61,"column":32}}},"fnMap":{"0":{"name":"(anonymous_0)","decl":{"start":{"line":35,"column":16},"end":{"line":35,"column":17}},"loc":{"start":{"line":35,"column":30},"end":{"line":42,"column":11}},"line":35},"1":{"name":"(anonymous_1)","decl":{"start":{"line":43,"column":17},"end":{"line":43,"column":18}},"loc":{"start":{"line":43,"column":28},"end":{"line":46,"column":11}},"line":43}},"branchMap":{"0":{"loc":{"start":{"line":21,"column":6},"end":{"line":25,"column":7}},"type":"if","locations":[{"start":{"line":21,"column":6},"end":{"line":25,"column":7}},{"start":{"line":21,"column":6},"end":{"line":25,"column":7}}],"line":21},"1":{"loc":{"start":{"line":30,"column":6},"end":{"line":47,"column":7}},"type":"if","locations":[{"start":{"line":30,"column":6},"end":{"line":47,"column":7}},{"start":{"line":30,"column":6},"end":{"line":47,"column":7}}],"line":30}},"s":{"0":0,"1":0,"2":0,"3":0,"4":0,"5":0,"6":0,"7":0,"8":0,"9":0,"10":0,"11":0,"12":0,"13":0,"14":0,"15":1,"16":0,"17":0,"18":0},"f":{"0":0,"1":0},"b":{"0":[0,0],"1":[0,0]},"_coverageSchema":"332fd63041d2c1bcb487cc26dd0d5f7d97098a6c","hash":"b318b3eb71e7a92c1f2b8ea1fbdd438f46277bcd"}
,"C:\\Users\\webistomin\\Desktop\\movie-search-app\\src\\store\\shared.js": {"path":"C:\\Users\\webistomin\\Desktop\\movie-search-app\\src\\store\\shared.js","statementMap":{"0":{"start":{"line":19,"column":6},"end":{"line":19,"column":35}},"1":{"start":{"line":22,"column":6},"end":{"line":22,"column":28}},"2":{"start":{"line":25,"column":6},"end":{"line":25,"column":30}},"3":{"start":{"line":28,"column":6},"end":{"line":28,"column":32}},"4":{"start":{"line":31,"column":6},"end":{"line":31,"column":29}},"5":{"start":{"line":34,"column":6},"end":{"line":34,"column":32}},"6":{"start":{"line":37,"column":6},"end":{"line":37,"column":33}},"7":{"start":{"line":40,"column":6},"end":{"line":40,"column":41}},"8":{"start":{"line":43,"column":6},"end":{"line":43,"column":35}},"9":{"start":{"line":46,"column":6},"end":{"line":46,"column":32}},"10":{"start":{"line":51,"column":6},"end":{"line":59,"column":11}},"11":{"start":{"line":54,"column":10},"end":{"line":54,"column":49}},"12":{"start":{"line":55,"column":10},"end":{"line":55,"column":66}},"13":{"start":{"line":58,"column":10},"end":{"line":58,"column":51}},"14":{"start":{"line":62,"column":6},"end":{"line":70,"column":11}},"15":{"start":{"line":65,"column":10},"end":{"line":65,"column":65}},"16":{"start":{"line":66,"column":10},"end":{"line":66,"column":84}},"17":{"start":{"line":69,"column":10},"end":{"line":69,"column":51}},"18":{"start":{"line":73,"column":6},"end":{"line":85,"column":11}},"19":{"start":{"line":78,"column":10},"end":{"line":78,"column":59}},"20":{"start":{"line":79,"column":10},"end":{"line":79,"column":76}},"21":{"start":{"line":80,"column":10},"end":{"line":80,"column":44}},"22":{"start":{"line":81,"column":10},"end":{"line":81,"column":39}},"23":{"start":{"line":84,"column":10},"end":{"line":84,"column":51}},"24":{"start":{"line":88,"column":6},"end":{"line":100,"column":11}},"25":{"start":{"line":93,"column":10},"end":{"line":93,"column":39}},"26":{"start":{"line":94,"column":10},"end":{"line":94,"column":45}},"27":{"start":{"line":95,"column":10},"end":{"line":95,"column":40}},"28":{"start":{"line":96,"column":10},"end":{"line":96,"column":47}},"29":{"start":{"line":99,"column":10},"end":{"line":99,"column":46}},"30":{"start":{"line":105,"column":6},"end":{"line":105,"column":29}},"31":{"start":{"line":108,"column":6},"end":{"line":108,"column":32}},"32":{"start":{"line":111,"column":6},"end":{"line":111,"column":29}},"33":{"start":{"line":114,"column":6},"end":{"line":114,"column":25}},"34":{"start":{"line":117,"column":6},"end":{"line":117,"column":27}},"35":{"start":{"line":120,"column":6},"end":{"line":120,"column":33}},"36":{"start":{"line":123,"column":6},"end":{"line":123,"column":29}},"37":{"start":{"line":126,"column":6},"end":{"line":126,"column":30}},"38":{"start":{"line":129,"column":6},"end":{"line":129,"column":38}},"39":{"start":{"line":132,"column":6},"end":{"line":132,"column":32}}},"fnMap":{"0":{"name":"(anonymous_0)","decl":{"start":{"line":53,"column":14},"end":{"line":53,"column":15}},"loc":{"start":{"line":53,"column":28},"end":{"line":56,"column":9}},"line":53},"1":{"name":"(anonymous_1)","decl":{"start":{"line":57,"column":15},"end":{"line":57,"column":16}},"loc":{"start":{"line":57,"column":26},"end":{"line":59,"column":9}},"line":57},"2":{"name":"(anonymous_2)","decl":{"start":{"line":64,"column":14},"end":{"line":64,"column":15}},"loc":{"start":{"line":64,"column":28},"end":{"line":67,"column":9}},"line":64},"3":{"name":"(anonymous_3)","decl":{"start":{"line":68,"column":15},"end":{"line":68,"column":16}},"loc":{"start":{"line":68,"column":26},"end":{"line":70,"column":9}},"line":68},"4":{"name":"(anonymous_4)","decl":{"start":{"line":77,"column":14},"end":{"line":77,"column":15}},"loc":{"start":{"line":77,"column":28},"end":{"line":82,"column":9}},"line":77},"5":{"name":"(anonymous_5)","decl":{"start":{"line":83,"column":15},"end":{"line":83,"column":16}},"loc":{"start":{"line":83,"column":26},"end":{"line":85,"column":9}},"line":83},"6":{"name":"(anonymous_6)","decl":{"start":{"line":92,"column":14},"end":{"line":92,"column":15}},"loc":{"start":{"line":92,"column":20},"end":{"line":97,"column":9}},"line":92},"7":{"name":"(anonymous_7)","decl":{"start":{"line":98,"column":15},"end":{"line":98,"column":16}},"loc":{"start":{"line":98,"column":26},"end":{"line":100,"column":9}},"line":98}},"branchMap":{},"s":{"0":0,"1":0,"2":0,"3":1,"4":0,"5":0,"6":0,"7":0,"8":0,"9":0,"10":0,"11":0,"12":0,"13":0,"14":0,"15":0,"16":0,"17":0,"18":0,"19":0,"20":0,"21":0,"22":0,"23":0,"24":0,"25":0,"26":0,"27":0,"28":0,"29":0,"30":0,"31":0,"32":0,"33":0,"34":0,"35":0,"36":0,"37":0,"38":0,"39":0},"f":{"0":0,"1":0,"2":0,"3":0,"4":0,"5":0,"6":0,"7":0},"b":{},"_coverageSchema":"332fd63041d2c1bcb487cc26dd0d5f7d97098a6c","hash":"5136bbb87c1f17142845b64beca2d1c31c94fd99"}
,"C:\\Users\\webistomin\\Desktop\\movie-search-app\\src\\store\\socialsNews.js": {"path":"C:\\Users\\webistomin\\Desktop\\movie-search-app\\src\\store\\socialsNews.js","statementMap":{"0":{"start":{"line":9,"column":6},"end":{"line":9,"column":29}},"1":{"start":{"line":14,"column":21},"end":{"line":28,"column":7}},"2":{"start":{"line":25,"column":10},"end":{"line":25,"column":38}},"3":{"start":{"line":29,"column":6},"end":{"line":29,"column":35}},"4":{"start":{"line":34,"column":6},"end":{"line":34,"column":26}}},"fnMap":{"0":{"name":"(anonymous_0)","decl":{"start":{"line":24,"column":24},"end":{"line":24,"column":25}},"loc":{"start":{"line":24,"column":36},"end":{"line":26,"column":9}},"line":24}},"branchMap":{},"s":{"0":0,"1":0,"2":0,"3":0,"4":0},"f":{"0":0},"b":{},"_coverageSchema":"332fd63041d2c1bcb487cc26dd0d5f7d97098a6c","hash":"e54a792230bb533c041ce85f423036ddf6c625c3"}
,"C:\\Users\\webistomin\\Desktop\\movie-search-app\\src\\store\\topRatedMovies.js": {"path":"C:\\Users\\webistomin\\Desktop\\movie-search-app\\src\\store\\topRatedMovies.js","statementMap":{"0":{"start":{"line":11,"column":6},"end":{"line":11,"column":66}},"1":{"start":{"line":14,"column":6},"end":{"line":14,"column":29}},"2":{"start":{"line":17,"column":6},"end":{"line":17,"column":33}},"3":{"start":{"line":22,"column":6},"end":{"line":31,"column":11}},"4":{"start":{"line":25,"column":10},"end":{"line":25,"column":61}},"5":{"start":{"line":26,"column":10},"end":{"line":26,"column":69}},"6":{"start":{"line":27,"column":10},"end":{"line":27,"column":43}},"7":{"start":{"line":30,"column":10},"end":{"line":30,"column":51}},"8":{"start":{"line":36,"column":6},"end":{"line":36,"column":34}},"9":{"start":{"line":39,"column":6},"end":{"line":39,"column":30}},"10":{"start":{"line":42,"column":6},"end":{"line":42,"column":31}}},"fnMap":{"0":{"name":"(anonymous_0)","decl":{"start":{"line":24,"column":14},"end":{"line":24,"column":15}},"loc":{"start":{"line":24,"column":28},"end":{"line":28,"column":9}},"line":24},"1":{"name":"(anonymous_1)","decl":{"start":{"line":29,"column":15},"end":{"line":29,"column":16}},"loc":{"start":{"line":29,"column":26},"end":{"line":31,"column":9}},"line":29}},"branchMap":{},"s":{"0":0,"1":0,"2":0,"3":0,"4":0,"5":0,"6":0,"7":0,"8":0,"9":0,"10":0},"f":{"0":0,"1":0},"b":{},"_coverageSchema":"332fd63041d2c1bcb487cc26dd0d5f7d97098a6c","hash":"0ca19911b84ac4bf5f71080e82813cd35dd3db6e"}
,"C:\\Users\\webistomin\\Desktop\\movie-search-app\\src\\store\\upcomingMovies.js": {"path":"C:\\Users\\webistomin\\Desktop\\movie-search-app\\src\\store\\upcomingMovies.js","statementMap":{"0":{"start":{"line":11,"column":6},"end":{"line":11,"column":66}},"1":{"start":{"line":14,"column":6},"end":{"line":14,"column":29}},"2":{"start":{"line":17,"column":6},"end":{"line":17,"column":33}},"3":{"start":{"line":22,"column":6},"end":{"line":31,"column":11}},"4":{"start":{"line":25,"column":10},"end":{"line":25,"column":61}},"5":{"start":{"line":26,"column":10},"end":{"line":26,"column":69}},"6":{"start":{"line":27,"column":10},"end":{"line":27,"column":43}},"7":{"start":{"line":30,"column":10},"end":{"line":30,"column":51}},"8":{"start":{"line":36,"column":6},"end":{"line":36,"column":34}},"9":{"start":{"line":39,"column":6},"end":{"line":39,"column":30}},"10":{"start":{"line":42,"column":6},"end":{"line":42,"column":31}}},"fnMap":{"0":{"name":"(anonymous_0)","decl":{"start":{"line":24,"column":14},"end":{"line":24,"column":15}},"loc":{"start":{"line":24,"column":28},"end":{"line":28,"column":9}},"line":24},"1":{"name":"(anonymous_1)","decl":{"start":{"line":29,"column":15},"end":{"line":29,"column":16}},"loc":{"start":{"line":29,"column":26},"end":{"line":31,"column":9}},"line":29}},"branchMap":{},"s":{"0":0,"1":0,"2":0,"3":0,"4":0,"5":0,"6":0,"7":0,"8":0,"9":0,"10":0},"f":{"0":0,"1":0},"b":{},"_coverageSchema":"332fd63041d2c1bcb487cc26dd0d5f7d97098a6c","hash":"94b9a512a01986ad548e5469f3dc898c5cc558a8"}
,"C:\\Users\\webistomin\\Desktop\\movie-search-app\\src\\store\\userBlock.js": {"path":"C:\\Users\\webistomin\\Desktop\\movie-search-app\\src\\store\\userBlock.js","statementMap":{"0":{"start":{"line":12,"column":6},"end":{"line":12,"column":34}},"1":{"start":{"line":15,"column":6},"end":{"line":19,"column":7}},"2":{"start":{"line":16,"column":8},"end":{"line":16,"column":75}},"3":{"start":{"line":18,"column":8},"end":{"line":18,"column":46}},"4":{"start":{"line":22,"column":6},"end":{"line":22,"column":29}},"5":{"start":{"line":25,"column":6},"end":{"line":25,"column":33}},"6":{"start":{"line":30,"column":21},"end":{"line":30,"column":41}},"7":{"start":{"line":31,"column":29},"end":{"line":31,"column":60}},"8":{"start":{"line":32,"column":24},"end":{"line":32,"column":50}},"9":{"start":{"line":33,"column":22},"end":{"line":33,"column":129}},"10":{"start":{"line":34,"column":6},"end":{"line":46,"column":11}},"11":{"start":{"line":42,"column":10},"end":{"line":42,"column":40}},"12":{"start":{"line":45,"column":10},"end":{"line":45,"column":51}},"13":{"start":{"line":49,"column":6},"end":{"line":56,"column":11}},"14":{"start":{"line":52,"column":10},"end":{"line":52,"column":50}},"15":{"start":{"line":55,"column":10},"end":{"line":55,"column":51}},"16":{"start":{"line":59,"column":24},"end":{"line":59,"column":44}},"17":{"start":{"line":60,"column":6},"end":{"line":72,"column":11}},"18":{"start":{"line":63,"column":10},"end":{"line":66,"column":13}},"19":{"start":{"line":67,"column":10},"end":{"line":67,"column":61}},"20":{"start":{"line":68,"column":10},"end":{"line":68,"column":43}},"21":{"start":{"line":71,"column":10},"end":{"line":71,"column":51}},"22":{"start":{"line":77,"column":6},"end":{"line":77,"column":31}},"23":{"start":{"line":80,"column":6},"end":{"line":80,"column":34}},"24":{"start":{"line":83,"column":6},"end":{"line":83,"column":30}},"25":{"start":{"line":86,"column":6},"end":{"line":86,"column":31}}},"fnMap":{"0":{"name":"(anonymous_0)","decl":{"start":{"line":41,"column":14},"end":{"line":41,"column":15}},"loc":{"start":{"line":41,"column":20},"end":{"line":43,"column":9}},"line":41},"1":{"name":"(anonymous_1)","decl":{"start":{"line":44,"column":15},"end":{"line":44,"column":16}},"loc":{"start":{"line":44,"column":26},"end":{"line":46,"column":9}},"line":44},"2":{"name":"(anonymous_2)","decl":{"start":{"line":51,"column":14},"end":{"line":51,"column":15}},"loc":{"start":{"line":51,"column":28},"end":{"line":53,"column":9}},"line":51},"3":{"name":"(anonymous_3)","decl":{"start":{"line":54,"column":15},"end":{"line":54,"column":16}},"loc":{"start":{"line":54,"column":26},"end":{"line":56,"column":9}},"line":54},"4":{"name":"(anonymous_4)","decl":{"start":{"line":62,"column":14},"end":{"line":62,"column":15}},"loc":{"start":{"line":62,"column":28},"end":{"line":69,"column":9}},"line":62},"5":{"name":"(anonymous_5)","decl":{"start":{"line":70,"column":15},"end":{"line":70,"column":16}},"loc":{"start":{"line":70,"column":26},"end":{"line":72,"column":9}},"line":70}},"branchMap":{"0":{"loc":{"start":{"line":15,"column":6},"end":{"line":19,"column":7}},"type":"if","locations":[{"start":{"line":15,"column":6},"end":{"line":19,"column":7}},{"start":{"line":15,"column":6},"end":{"line":19,"column":7}}],"line":15},"1":{"loc":{"start":{"line":33,"column":22},"end":{"line":33,"column":129}},"type":"cond-expr","locations":[{"start":{"line":33,"column":46},"end":{"line":33,"column":84}},{"start":{"line":33,"column":87},"end":{"line":33,"column":129}}],"line":33}},"s":{"0":0,"1":0,"2":0,"3":0,"4":0,"5":0,"6":0,"7":0,"8":0,"9":0,"10":0,"11":0,"12":0,"13":0,"14":0,"15":0,"16":0,"17":0,"18":0,"19":0,"20":0,"21":0,"22":0,"23":0,"24":0,"25":0},"f":{"0":0,"1":0,"2":0,"3":0,"4":0,"5":0},"b":{"0":[0,0],"1":[0,0]},"_coverageSchema":"332fd63041d2c1bcb487cc26dd0d5f7d97098a6c","hash":"f48fefee77983eaea4780e4ee71c83f882761537"}
}
