TN:
SF:C:\Users\webistomin\Desktop\movie-search-app\src\App.vue
FN:58,created
FN:89,fixCrappyScrollBehavior
FN:94,$route
FNF:3
FNH:3
FNDA:16,created
FNDA:1,fixCrappyScrollBehavior
FNDA:11,$route
DA:53,1
DA:59,16
DA:61,16
DA:62,1
DA:64,15
DA:66,16
DA:67,5
DA:69,11
DA:72,16
DA:73,1
DA:74,1
DA:75,1
DA:78,16
DA:79,2
DA:82,16
DA:85,2
DA:90,1
DA:95,11
LF:18
LH:18
BRDA:61,0,0,1
BRDA:61,0,1,15
BRDA:66,1,0,5
BRDA:66,1,1,11
BRDA:72,2,0,1
BRDA:72,2,1,15
BRDA:78,3,0,2
BRDA:78,3,1,14
BRDA:82,4,0,2
BRDA:82,4,1,14
BRDA:82,5,0,16
BRDA:82,5,1,4
BRDA:82,5,2,3
BRF:13
BRH:13
end_of_record
TN:
SF:C:\Users\webistomin\Desktop\movie-search-app\src\main.js
FNF:0
FNH:0
DA:1,0
DA:2,0
DA:3,0
DA:4,0
DA:5,0
DA:8,0
DA:11,0
LF:7
LH:0
BRF:0
BRH:0
end_of_record
TN:
SF:C:\Users\webistomin\Desktop\movie-search-app\src\assets\js\debounce.js
FN:1,debounce
FN:3,debounceAnswer
FN:6,(anonymous_2)
FNF:3
FNH:0
FNDA:0,debounce
FNDA:0,debounceAnswer
FNDA:0,(anonymous_2)
DA:3,0
DA:4,0
DA:5,0
DA:6,0
LF:4
LH:0
BRF:0
BRH:0
end_of_record
TN:
SF:C:\Users\webistomin\Desktop\movie-search-app\src\assets\js\filters.js
FN:3,(anonymous_1)
FN:16,(anonymous_2)
FNF:2
FNH:0
FNDA:0,(anonymous_1)
FNDA:0,(anonymous_2)
DA:1,0
DA:3,0
DA:4,0
DA:6,0
DA:8,0
DA:10,0
DA:12,0
DA:16,0
LF:8
LH:0
BRDA:5,0,0,0
BRDA:5,0,1,0
BRDA:5,0,2,0
BRDA:5,0,3,0
BRF:4
BRH:0
end_of_record
TN:
SF:C:\Users\webistomin\Desktop\movie-search-app\src\assets\js\throttle.js
FN:1,throttle
FN:6,wrapper
FN:17,(anonymous_2)
FNF:3
FNH:1
FNDA:2,throttle
FNDA:0,wrapper
FNDA:0,(anonymous_2)
DA:2,2
DA:3,2
DA:4,2
DA:7,0
DA:8,0
DA:9,0
DA:10,0
DA:13,0
DA:15,0
DA:17,0
DA:18,0
DA:19,0
DA:20,0
DA:21,0
DA:22,0
DA:27,2
LF:16
LH:4
BRDA:7,0,0,0
BRDA:7,0,1,0
BRDA:19,1,0,0
BRDA:19,1,1,0
BRF:4
BRH:0
end_of_record
TN:
SF:C:\Users\webistomin\Desktop\movie-search-app\src\components\BestList.vue
FNF:0
FNH:0
DA:16,2
LF:1
LH:1
BRF:0
BRH:0
end_of_record
TN:
SF:C:\Users\webistomin\Desktop\movie-search-app\src\components\BestListItem.vue
FN:51,getBorderColor
FN:54,getPosterSrc
FNF:2
FNH:2
FNDA:5,getBorderColor
FNDA:5,getPosterSrc
DA:52,5
DA:55,5
LF:2
LH:2
BRDA:52,0,0,4
BRDA:52,0,1,1
BRDA:55,1,0,4
BRDA:55,1,1,1
BRF:4
BRH:4
end_of_record
TN:
SF:C:\Users\webistomin\Desktop\movie-search-app\src\components\BestMovies.vue
FN:16,created
FN:18,(anonymous_3)
FN:29,getPopularMovies
FNF:3
FNH:3
FNDA:5,created
FNDA:4,(anonymous_3)
FNDA:5,getPopularMovies
DA:11,2
DA:16,5
DA:17,5
DA:18,4
DA:20,4
DA:21,4
DA:22,3
DA:23,3
DA:30,5
LF:9
LH:9
BRDA:17,0,0,4
BRDA:17,0,1,1
BRDA:21,1,0,3
BRDA:21,1,1,1
BRF:4
BRH:4
end_of_record
TN:
SF:C:\Users\webistomin\Desktop\movie-search-app\src\components\Header.vue
FN:107,data
FN:112,created
FN:116,fetchMoviesWithSearchQuery
FN:117,(anonymous_5)
FN:122,logOut
FN:125,setRowView
FN:129,setGridView
FN:133,toggleAppNavigation
FN:137,toggleUserMenu
FN:142,getAvatarSrc
FN:146,get
FN:149,throttleMutation
FN:153,getUserDetails
FN:156,getRequestToken
FN:159,getUserMenuClass
FN:162,getUserButtonClass
FN:165,getAuthorizeState
FN:168,getNavigationState
FN:171,getRowViewState
FN:174,getGridViewState
FN:177,getToggleClass
FN:180,getAuthLink
FNF:22
FNH:0
FNDA:0,data
FNDA:0,created
FNDA:0,fetchMoviesWithSearchQuery
FNDA:0,(anonymous_5)
FNDA:0,logOut
FNDA:0,setRowView
FNDA:0,setGridView
FNDA:0,toggleAppNavigation
FNDA:0,toggleUserMenu
FNDA:0,getAvatarSrc
FNDA:0,get
FNDA:0,throttleMutation
FNDA:0,getUserDetails
FNDA:0,getRequestToken
FNDA:0,getUserMenuClass
FNDA:0,getUserButtonClass
FNDA:0,getAuthorizeState
FNDA:0,getNavigationState
FNDA:0,getRowViewState
FNDA:0,getGridViewState
FNDA:0,getToggleClass
FNDA:0,getAuthLink
DA:102,2
DA:103,2
DA:108,0
DA:113,0
DA:116,0
DA:117,0
DA:119,0
DA:123,0
DA:126,0
DA:127,0
DA:130,0
DA:131,0
DA:135,0
DA:138,0
DA:143,0
DA:147,0
DA:150,0
DA:154,0
DA:157,0
DA:160,0
DA:163,0
DA:166,0
DA:169,0
DA:172,0
DA:175,0
DA:178,0
DA:181,0
DA:182,0
DA:183,0
DA:184,0
LF:30
LH:2
BRDA:135,0,0,0
BRDA:135,0,1,0
BRDA:160,1,0,0
BRDA:160,1,1,0
BRDA:163,2,0,0
BRDA:163,2,1,0
BRDA:178,3,0,0
BRDA:178,3,1,0
BRF:8
BRH:0
end_of_record
TN:
SF:C:\Users\webistomin\Desktop\movie-search-app\src\components\Home.vue
FNF:0
FNH:0
DA:9,2
DA:10,2
LF:2
LH:2
BRF:0
BRH:0
end_of_record
TN:
SF:C:\Users\webistomin\Desktop\movie-search-app\src\components\Index.vue
FNF:0
FNH:0
DA:9,1
DA:10,1
LF:2
LH:2
BRF:0
BRH:0
end_of_record
TN:
SF:C:\Users\webistomin\Desktop\movie-search-app\src\components\Intro.vue
FNF:0
FNH:0
DA:9,1
DA:10,1
LF:2
LH:2
BRF:0
BRH:0
end_of_record
TN:
SF:C:\Users\webistomin\Desktop\movie-search-app\src\components\MessagePopup.vue
FN:15,data
FN:22,isVisible
FN:25,getMessage
FN:30,removeMessage
FN:33,setMessageTimeout
FN:35,(anonymous_6)
FN:41,updated
FNF:7
FNH:0
FNDA:0,data
FNDA:0,isVisible
FNDA:0,getMessage
FNDA:0,removeMessage
FNDA:0,setMessageTimeout
FNDA:0,(anonymous_6)
FNDA:0,updated
DA:16,0
DA:23,0
DA:26,0
DA:31,0
DA:33,0
DA:34,0
DA:35,0
DA:36,0
DA:37,0
DA:42,0
DA:43,0
LF:11
LH:0
BRDA:42,0,0,0
BRDA:42,0,1,0
BRF:2
BRH:0
end_of_record
TN:
SF:C:\Users\webistomin\Desktop\movie-search-app\src\components\MoviePage.vue
FN:158,beforeRouteEnter
FN:160,(anonymous_3)
FN:161,(anonymous_4)
FN:175,beforeRouteUpdate
FN:177,(anonymous_6)
FN:192,markMovieAsFavorite
FN:195,(anonymous_8)
FN:205,getMovieDetails
FN:208,getMovieCredits
FN:211,getMovieImages
FN:214,getSimilarMovies
FN:217,getRecommendedMovies
FN:220,getBackgroundPath
FN:223,getImageSrc
FN:226,getImageHiResSrc
FN:229,getChartColor
FN:241,getChartLength
FN:244,getAuthorizeState
FN:247,getFavoriteMovies
FN:250,isFavorite
FN:251,(anonymous_22)
FN:254,getFavoriteText
FNF:22
FNH:0
FNDA:0,beforeRouteEnter
FNDA:0,(anonymous_3)
FNDA:0,(anonymous_4)
FNDA:0,beforeRouteUpdate
FNDA:0,(anonymous_6)
FNDA:0,markMovieAsFavorite
FNDA:0,(anonymous_8)
FNDA:0,getMovieDetails
FNDA:0,getMovieCredits
FNDA:0,getMovieImages
FNDA:0,getSimilarMovies
FNDA:0,getRecommendedMovies
FNDA:0,getBackgroundPath
FNDA:0,getImageSrc
FNDA:0,getImageHiResSrc
FNDA:0,getChartColor
FNDA:0,getChartLength
FNDA:0,getAuthorizeState
FNDA:0,getFavoriteMovies
FNDA:0,isFavorite
FNDA:0,(anonymous_22)
FNDA:0,getFavoriteText
DA:152,2
DA:153,2
DA:154,2
DA:159,0
DA:160,0
DA:161,0
DA:170,0
DA:171,0
DA:175,0
DA:176,0
DA:177,0
DA:186,0
DA:187,0
DA:188,0
DA:192,0
DA:193,0
DA:194,0
DA:195,0
DA:200,0
DA:206,0
DA:209,0
DA:212,0
DA:215,0
DA:218,0
DA:221,0
DA:224,0
DA:227,0
DA:230,0
DA:232,0
DA:234,0
DA:236,0
DA:238,0
DA:242,0
DA:245,0
DA:248,0
DA:251,0
DA:252,0
DA:255,0
LF:38
LH:3
BRDA:221,0,0,0
BRDA:221,0,1,0
BRDA:224,1,0,0
BRDA:224,1,1,0
BRDA:231,2,0,0
BRDA:231,2,1,0
BRDA:231,2,2,0
BRDA:231,2,3,0
BRDA:255,3,0,0
BRDA:255,3,1,0
BRF:10
BRH:0
end_of_record
TN:
SF:C:\Users\webistomin\Desktop\movie-search-app\src\components\MoviesList.vue
FN:33,getMovieOverview
FN:36,getPosterSrc
FN:41,getPerspectiveValue
FN:44,getRowViewState
FN:47,getGridViewState
FNF:5
FNH:0
FNDA:0,getMovieOverview
FNDA:0,getPosterSrc
FNDA:0,getPerspectiveValue
FNDA:0,getRowViewState
FNDA:0,getGridViewState
DA:21,2
DA:34,0
DA:37,0
DA:42,0
DA:45,0
DA:48,0
LF:6
LH:1
BRDA:34,0,0,0
BRDA:34,0,1,0
BRDA:37,1,0,0
BRDA:37,1,1,0
BRDA:42,2,0,0
BRDA:42,2,1,0
BRF:6
BRH:0
end_of_record
TN:
SF:C:\Users\webistomin\Desktop\movie-search-app\src\components\MoviesListItem.vue
FN:69,getGenresList
FN:72,getMovieGenres
FNF:2
FNH:0
FNDA:0,getGenresList
FNDA:0,getMovieGenres
DA:70,0
DA:73,0
DA:74,0
DA:75,0
DA:84,0
DA:85,0
DA:86,0
DA:87,0
DA:88,0
DA:94,0
LF:10
LH:0
BRDA:84,0,0,0
BRDA:84,0,1,0
BRDA:84,1,0,0
BRDA:84,1,1,0
BRDA:87,2,0,0
BRDA:87,2,1,0
BRF:6
BRH:0
end_of_record
TN:
SF:C:\Users\webistomin\Desktop\movie-search-app\src\components\Navigation.vue
FN:16,getNavigationState
FN:19,getNavigationClass
FNF:2
FNH:0
FNDA:0,getNavigationState
FNDA:0,getNavigationClass
DA:10,1
DA:17,0
DA:20,0
LF:3
LH:1
BRDA:20,0,0,0
BRDA:20,0,1,0
BRF:2
BRH:0
end_of_record
TN:
SF:C:\Users\webistomin\Desktop\movie-search-app\src\components\NavigationList.vue
FN:19,data
FNF:1
FNH:0
FNDA:0,data
DA:14,1
DA:20,0
LF:2
LH:1
BRF:0
BRH:0
end_of_record
TN:
SF:C:\Users\webistomin\Desktop\movie-search-app\src\components\NavigationPage.vue
FN:20,data
FN:27,created
FN:38,(anonymous_4)
FN:78,getMoviesForCurrentRoute
FN:96,getLoadingState
FN:99,getFavoriteCurrentPage
FN:102,getFavoriteTotalPages
FN:105,getNowPlayingCurrentPage
FN:108,getNowPlayingTotalPages
FN:111,getPopularCurrentPage
FN:114,getPopularTotalPages
FN:117,getTopRatedCurrentPage
FN:120,getTopRatedTotalPages
FN:123,getUpcomingCurrentPage
FN:126,getUpcomingTotalPages
FN:129,getSearchCurrentPage
FN:132,getSearchTotalPages
FN:137,fetchMoreMovies
FN:143,(anonymous_20)
FN:152,(anonymous_21)
FN:161,(anonymous_22)
FN:170,(anonymous_23)
FN:179,(anonymous_24)
FN:188,(anonymous_25)
FN:197,(anonymous_26)
FNF:25
FNH:0
FNDA:0,data
FNDA:0,created
FNDA:0,(anonymous_4)
FNDA:0,getMoviesForCurrentRoute
FNDA:0,getLoadingState
FNDA:0,getFavoriteCurrentPage
FNDA:0,getFavoriteTotalPages
FNDA:0,getNowPlayingCurrentPage
FNDA:0,getNowPlayingTotalPages
FNDA:0,getPopularCurrentPage
FNDA:0,getPopularTotalPages
FNDA:0,getTopRatedCurrentPage
FNDA:0,getTopRatedTotalPages
FNDA:0,getUpcomingCurrentPage
FNDA:0,getUpcomingTotalPages
FNDA:0,getSearchCurrentPage
FNDA:0,getSearchTotalPages
FNDA:0,fetchMoreMovies
FNDA:0,(anonymous_20)
FNDA:0,(anonymous_21)
FNDA:0,(anonymous_22)
FNDA:0,(anonymous_23)
FNDA:0,(anonymous_24)
FNDA:0,(anonymous_25)
FNDA:0,(anonymous_26)
DA:15,2
DA:16,2
DA:21,0
DA:27,0
DA:28,0
DA:30,0
DA:31,0
DA:32,0
DA:34,0
DA:36,0
DA:37,0
DA:38,0
DA:40,0
DA:41,0
DA:45,0
DA:47,0
DA:48,0
DA:49,0
DA:51,0
DA:53,0
DA:54,0
DA:55,0
DA:57,0
DA:59,0
DA:60,0
DA:61,0
DA:63,0
DA:65,0
DA:66,0
DA:68,0
DA:70,0
DA:71,0
DA:72,0
DA:74,0
DA:79,0
DA:81,0
DA:83,0
DA:85,0
DA:87,0
DA:89,0
DA:91,0
DA:93,0
DA:97,0
DA:100,0
DA:103,0
DA:106,0
DA:109,0
DA:112,0
DA:115,0
DA:118,0
DA:121,0
DA:124,0
DA:127,0
DA:130,0
DA:133,0
DA:137,0
DA:138,0
DA:139,0
DA:141,0
DA:142,0
DA:143,0
DA:145,0
DA:148,0
DA:150,0
DA:151,0
DA:152,0
DA:154,0
DA:157,0
DA:159,0
DA:160,0
DA:161,0
DA:163,0
DA:166,0
DA:168,0
DA:169,0
DA:170,0
DA:172,0
DA:175,0
DA:177,0
DA:178,0
DA:179,0
DA:181,0
DA:184,0
DA:186,0
DA:187,0
DA:188,0
DA:190,0
DA:193,0
DA:195,0
DA:196,0
DA:197,0
DA:199,0
DA:202,0
LF:93
LH:2
BRDA:29,0,0,0
BRDA:29,0,1,0
BRDA:29,0,2,0
BRDA:29,0,3,0
BRDA:29,0,4,0
BRDA:29,0,5,0
BRDA:29,0,6,0
BRDA:30,1,0,0
BRDA:30,1,1,0
BRDA:36,2,0,0
BRDA:36,2,1,0
BRDA:40,3,0,0
BRDA:40,3,1,0
BRDA:47,4,0,0
BRDA:47,4,1,0
BRDA:53,5,0,0
BRDA:53,5,1,0
BRDA:59,6,0,0
BRDA:59,6,1,0
BRDA:65,7,0,0
BRDA:65,7,1,0
BRDA:70,8,0,0
BRDA:70,8,1,0
BRDA:80,9,0,0
BRDA:80,9,1,0
BRDA:80,9,2,0
BRDA:80,9,3,0
BRDA:80,9,4,0
BRDA:80,9,5,0
BRDA:80,9,6,0
BRDA:140,10,0,0
BRDA:140,10,1,0
BRDA:140,10,2,0
BRDA:140,10,3,0
BRDA:140,10,4,0
BRDA:140,10,5,0
BRDA:140,10,6,0
BRDA:141,11,0,0
BRDA:141,11,1,0
BRDA:150,12,0,0
BRDA:150,12,1,0
BRDA:159,13,0,0
BRDA:159,13,1,0
BRDA:168,14,0,0
BRDA:168,14,1,0
BRDA:177,15,0,0
BRDA:177,15,1,0
BRDA:186,16,0,0
BRDA:186,16,1,0
BRDA:195,17,0,0
BRDA:195,17,1,0
BRF:51
BRH:0
end_of_record
TN:
SF:C:\Users\webistomin\Desktop\movie-search-app\src\components\PageContent.vue
FN:27,data
FN:35,isNoScroll
FN:38,getLoadingState
FN:41,getMessage
FN:46,onScrolling
FN:49,(anonymous_7)
FNF:6
FNH:0
FNDA:0,data
FNDA:0,isNoScroll
FNDA:0,getLoadingState
FNDA:0,getMessage
FNDA:0,onScrolling
FNDA:0,(anonymous_7)
DA:18,1
DA:19,1
DA:20,1
DA:21,1
DA:22,1
DA:23,1
DA:28,0
DA:36,0
DA:39,0
DA:42,0
DA:46,0
DA:47,0
DA:48,0
DA:49,0
DA:50,0
LF:15
LH:6
BRF:0
BRH:0
end_of_record
TN:
SF:C:\Users\webistomin\Desktop\movie-search-app\src\components\Socials.vue
FN:26,isTwitterPostsVisible
FN:29,isSocialsVisible
FN:32,getPageTitle
FN:35,getMovieReviews
FN:38,getLoadingState
FN:41,getTweets
FNF:6
FNH:0
FNDA:0,isTwitterPostsVisible
FNDA:0,isSocialsVisible
FNDA:0,getPageTitle
FNDA:0,getMovieReviews
FNDA:0,getLoadingState
FNDA:0,getTweets
DA:19,1
DA:20,1
DA:27,0
DA:30,0
DA:33,0
DA:36,0
DA:39,0
DA:42,0
LF:8
LH:2
BRDA:27,0,0,0
BRDA:27,0,1,0
BRDA:30,1,0,0
BRDA:30,1,1,0
BRDA:30,1,2,0
BRDA:33,2,0,0
BRDA:33,2,1,0
BRF:7
BRH:0
end_of_record
TN:
SF:C:\Users\webistomin\Desktop\movie-search-app\src\components\SocialsList.vue
FN:25,isListVisible
FN:28,getLoadingState
FNF:2
FNH:0
FNDA:0,isListVisible
FNDA:0,getLoadingState
DA:14,1
DA:26,0
DA:29,0
LF:3
LH:1
BRDA:26,0,0,0
BRDA:26,0,1,0
BRDA:26,0,2,0
BRF:3
BRH:0
end_of_record
TN:
SF:C:\Users\webistomin\Desktop\movie-search-app\src\components\TwitterList.vue
FNF:0
FNH:0
DA:11,1
LF:1
LH:1
BRF:0
BRH:0
end_of_record
TN:
SF:C:\Users\webistomin\Desktop\movie-search-app\src\router\index.js
FN:101,(anonymous_0)
FNF:1
FNH:1
FNDA:3,(anonymous_0)
DA:9,2
DA:11,2
DA:76,0
DA:77,0
DA:78,0
DA:80,0
DA:91,0
DA:92,0
DA:94,0
DA:101,2
DA:102,3
DA:103,3
DA:105,3
LF:13
LH:6
BRDA:77,0,0,0
BRDA:77,0,1,0
BRDA:91,1,0,0
BRDA:91,1,1,0
BRDA:102,2,0,3
BRDA:102,2,1,0
BRF:6
BRH:1
end_of_record
TN:
SF:C:\Users\webistomin\Desktop\movie-search-app\src\store\getters.js
FN:1,getNavigationState
FNF:1
FNH:0
FNDA:0,getNavigationState
DA:3,0
LF:1
LH:0
BRF:0
BRH:0
end_of_record
TN:
SF:C:\Users\webistomin\Desktop\movie-search-app\src\store\index.js
FNF:0
FNH:0
DA:13,2
DA:15,2
LF:2
LH:2
BRF:0
BRH:0
end_of_record
TN:
SF:C:\Users\webistomin\Desktop\movie-search-app\src\store\moviePage.js
FN:36,(anonymous_0)
FN:39,(anonymous_1)
FN:46,(anonymous_2)
FN:49,(anonymous_3)
FN:57,(anonymous_4)
FN:60,(anonymous_5)
FN:68,(anonymous_6)
FN:71,(anonymous_7)
FN:78,(anonymous_8)
FN:81,(anonymous_9)
FN:88,(anonymous_10)
FN:91,(anonymous_11)
FNF:12
FNH:0
FNDA:0,(anonymous_0)
FNDA:0,(anonymous_1)
FNDA:0,(anonymous_2)
FNDA:0,(anonymous_3)
FNDA:0,(anonymous_4)
FNDA:0,(anonymous_5)
FNDA:0,(anonymous_6)
FNDA:0,(anonymous_7)
FNDA:0,(anonymous_8)
FNDA:0,(anonymous_9)
FNDA:0,(anonymous_10)
FNDA:0,(anonymous_11)
DA:14,0
DA:17,0
DA:20,0
DA:23,0
DA:26,0
DA:29,0
DA:34,0
DA:37,0
DA:40,0
DA:44,0
DA:47,0
DA:50,0
DA:54,0
DA:58,0
DA:61,0
DA:65,0
DA:69,0
DA:72,0
DA:76,0
DA:79,0
DA:82,0
DA:86,0
DA:89,0
DA:92,0
DA:98,0
DA:101,0
DA:104,0
DA:107,0
DA:110,0
DA:113,0
LF:30
LH:0
BRF:0
BRH:0
end_of_record
TN:
SF:C:\Users\webistomin\Desktop\movie-search-app\src\store\mutations.js
FN:1,setGenresList
FN:1,setRequestToken
FN:1,setAuthorizeState
FN:1,setSessionId
FNF:4
FNH:0
FNDA:0,setGenresList
FNDA:0,setRequestToken
FNDA:0,setAuthorizeState
FNDA:0,setSessionId
DA:3,0
DA:6,0
DA:9,0
DA:12,0
LF:4
LH:0
BRF:0
BRH:0
end_of_record
TN:
SF:C:\Users\webistomin\Desktop\movie-search-app\src\store\nowPlayingMovies.js
FN:24,(anonymous_0)
FN:29,(anonymous_1)
FNF:2
FNH:0
FNDA:0,(anonymous_0)
FNDA:0,(anonymous_1)
DA:11,0
DA:14,0
DA:17,0
DA:22,0
DA:25,0
DA:26,0
DA:27,0
DA:30,0
DA:36,0
DA:39,0
DA:42,0
LF:11
LH:0
BRF:0
BRH:0
end_of_record
TN:
SF:C:\Users\webistomin\Desktop\movie-search-app\src\store\popularMovies.js
FN:24,(anonymous_0)
FN:28,(anonymous_1)
FNF:2
FNH:0
FNDA:0,(anonymous_0)
FNDA:0,(anonymous_1)
DA:11,0
DA:14,0
DA:17,0
DA:22,0
DA:25,0
DA:26,0
DA:29,0
DA:35,0
DA:38,0
DA:41,0
LF:10
LH:0
BRF:0
BRH:0
end_of_record
TN:
SF:C:\Users\webistomin\Desktop\movie-search-app\src\store\searchMovies.js
FN:35,(anonymous_0)
FN:43,(anonymous_1)
FNF:2
FNH:0
FNDA:0,(anonymous_0)
FNDA:0,(anonymous_1)
DA:12,0
DA:15,0
DA:18,0
DA:21,0
DA:22,0
DA:24,0
DA:30,0
DA:31,0
DA:32,0
DA:33,0
DA:36,0
DA:40,0
DA:41,0
DA:44,0
DA:45,0
DA:52,0
DA:55,0
DA:58,0
DA:61,0
LF:19
LH:0
BRDA:21,0,0,0
BRDA:21,0,1,0
BRDA:30,1,0,0
BRDA:30,1,1,0
BRF:4
BRH:0
end_of_record
TN:
SF:C:\Users\webistomin\Desktop\movie-search-app\src\store\shared.js
FN:53,(anonymous_0)
FN:57,(anonymous_1)
FN:64,(anonymous_2)
FN:68,(anonymous_3)
FN:77,(anonymous_4)
FN:83,(anonymous_5)
FN:92,(anonymous_6)
FN:98,(anonymous_7)
FNF:8
FNH:0
FNDA:0,(anonymous_0)
FNDA:0,(anonymous_1)
FNDA:0,(anonymous_2)
FNDA:0,(anonymous_3)
FNDA:0,(anonymous_4)
FNDA:0,(anonymous_5)
FNDA:0,(anonymous_6)
FNDA:0,(anonymous_7)
DA:19,0
DA:22,0
DA:25,0
DA:28,0
DA:31,0
DA:34,0
DA:37,0
DA:40,0
DA:43,0
DA:46,0
DA:51,0
DA:54,0
DA:55,0
DA:58,0
DA:62,0
DA:65,0
DA:66,0
DA:69,0
DA:73,0
DA:78,0
DA:79,0
DA:80,0
DA:81,0
DA:84,0
DA:88,0
DA:93,0
DA:94,0
DA:95,0
DA:96,0
DA:99,0
DA:105,0
DA:108,0
DA:111,0
DA:114,0
DA:117,0
DA:120,0
DA:123,0
DA:126,0
DA:129,0
DA:132,0
LF:40
LH:0
BRF:0
BRH:0
end_of_record
TN:
SF:C:\Users\webistomin\Desktop\movie-search-app\src\store\socialsNews.js
FN:24,(anonymous_0)
FNF:1
FNH:0
FNDA:0,(anonymous_0)
DA:9,0
DA:14,0
DA:25,0
DA:29,0
DA:34,0
LF:5
LH:0
BRF:0
BRH:0
end_of_record
TN:
SF:C:\Users\webistomin\Desktop\movie-search-app\src\store\topRatedMovies.js
FN:24,(anonymous_0)
FN:29,(anonymous_1)
FNF:2
FNH:0
FNDA:0,(anonymous_0)
FNDA:0,(anonymous_1)
DA:11,0
DA:14,0
DA:17,0
DA:22,0
DA:25,0
DA:26,0
DA:27,0
DA:30,0
DA:36,0
DA:39,0
DA:42,0
LF:11
LH:0
BRF:0
BRH:0
end_of_record
TN:
SF:C:\Users\webistomin\Desktop\movie-search-app\src\store\upcomingMovies.js
FN:24,(anonymous_0)
FN:29,(anonymous_1)
FNF:2
FNH:0
FNDA:0,(anonymous_0)
FNDA:0,(anonymous_1)
DA:11,0
DA:14,0
DA:17,0
DA:22,0
DA:25,0
DA:26,0
DA:27,0
DA:30,0
DA:36,0
DA:39,0
DA:42,0
LF:11
LH:0
BRF:0
BRH:0
end_of_record
TN:
SF:C:\Users\webistomin\Desktop\movie-search-app\src\store\userBlock.js
FN:41,(anonymous_0)
FN:44,(anonymous_1)
FN:51,(anonymous_2)
FN:54,(anonymous_3)
FN:62,(anonymous_4)
FN:70,(anonymous_5)
FNF:6
FNH:0
FNDA:0,(anonymous_0)
FNDA:0,(anonymous_1)
FNDA:0,(anonymous_2)
FNDA:0,(anonymous_3)
FNDA:0,(anonymous_4)
FNDA:0,(anonymous_5)
DA:12,0
DA:15,0
DA:16,0
DA:18,0
DA:22,0
DA:25,0
DA:30,0
DA:31,0
DA:32,0
DA:33,0
DA:34,0
DA:42,0
DA:45,0
DA:49,0
DA:52,0
DA:55,0
DA:59,0
DA:60,0
DA:63,0
DA:67,0
DA:68,0
DA:71,0
DA:77,0
DA:80,0
DA:83,0
DA:86,0
LF:26
LH:0
BRDA:15,0,0,0
BRDA:15,0,1,0
BRDA:33,1,0,0
BRDA:33,1,1,0
BRF:4
BRH:0
end_of_record
