TN:
SF:C:\Users\webistomin\Desktop\movie-search-app\src\App.vue
FN:58,created
FN:90,fixCrappyScrollBehavior
FN:95,$route
FNF:3
FNH:2
FNDA:10,created
FNDA:0,fixCrappyScrollBehavior
FNDA:1,$route
DA:53,1
DA:59,10
DA:61,10
DA:62,0
DA:64,10
DA:67,10
DA:68,7
DA:70,3
DA:73,10
DA:74,0
DA:75,0
DA:76,0
DA:79,10
DA:80,6
DA:83,10
DA:86,0
DA:91,0
DA:96,1
LF:18
LH:12
BRDA:61,0,0,0
BRDA:61,0,1,10
BRDA:67,1,0,7
BRDA:67,1,1,3
BRDA:73,2,0,0
BRDA:73,2,1,10
BRDA:79,3,0,6
BRDA:79,3,1,4
BRDA:83,4,0,0
BRDA:83,4,1,10
BRDA:83,5,0,10
BRDA:83,5,1,0
BRDA:83,5,2,0
BRF:13
BRH:8
end_of_record
TN:
SF:C:\Users\webistomin\Desktop\movie-search-app\src\main.js
FNF:0
FNH:0
DA:1,0
DA:2,0
DA:3,0
DA:4,0
DA:5,0
DA:8,0
DA:11,0
LF:7
LH:0
BRF:0
BRH:0
end_of_record
